02:04:58.645 [JavaFX Application Thread] DEBUG GameApplication      - Logger initialized
02:04:58.652 [JavaFX Application Thread] DEBUG MainWindow           - Creating a JavaFX scene
02:04:58.760 [JavaFX Application Thread] DEBUG MainWindow           - Target settings size: 1240.0 x 520.0
02:04:58.760 [JavaFX Application Thread] DEBUG MainWindow           - Scaled scene size:    1240.0 x 520.0
02:04:58.761 [JavaFX Application Thread] DEBUG MainWindow           - Scaled ratio: (1.0, 1.0)
02:04:58.768 [JavaFX Application Thread] DEBUG GameApplication      - Starting FXGL
02:04:58.773 [JavaFX Application Thread] INFO  FXGL                 - FXGL-0.5.3-SNAPSHOT on DESKTOP
02:04:58.773 [JavaFX Application Thread] INFO  FXGL                 - Source code and latest versions at: https://github.com/AlmasB/FXGL
02:04:58.774 [JavaFX Application Thread] INFO  FXGL                 -              Join the FXGL chat at: https://gitter.im/AlmasB/FXGL
02:04:58.784 [JavaFX Application Thread] DEBUG FS                   - Loaded DesktopFSService
02:04:58.785 [JavaFX Application Thread] DEBUG FXGL                 - Loading FXGL system data
02:04:58.797 [JavaFX Application Thread] DEBUG DesktopFSService     - Reading from: system\fxgl.bundle
02:04:58.812 [JavaFX Application Thread] DEBUG Bundle               - Logging bundle: FXGL
02:04:58.814 [JavaFX Application Thread] DEBUG Bundle               - FXGL.offline.timer.version.check=2018-12-04T00:13:10.649
02:04:58.849 [JavaFX Application Thread] DEBUG GameApplication      - FXGL started
02:04:58.850 [JavaFX Application Thread] DEBUG GameApplication      - Logging game settings
Title: Bomberman
Version: 1.0
Width: 1240
Height: 520
Fullscreen: false
Intro: false
Menus: false
Profiling: false
Single step:false
App Mode: DEVELOPER
Menu Key: ESCAPE
Stage Style: DECORATED
Scene Factory: class com.almasb.fxgl.scene.SceneFactory
Dialog Factory: class com.almasb.fxgl.ui.FXGLDialogFactory
UI Factory: class com.almasb.fxgl.ui.FXGLUIFactory
Notification Service: class com.almasb.fxgl.gameplay.notification.XboxNotificationView
Exception Handler: class com.almasb.fxgl.app.FXGLExceptionHandler
02:04:58.851 [JavaFX Application Thread] DEBUG GameApplication      - Configuring GameApplication
02:04:58.851 [JavaFX Application Thread] DEBUG GameApplication      - Initializing state machine and application states
02:04:58.866 [JavaFX Application Thread] DEBUG AssetLoader          - Loading from disk: /assets/ui/cursors/fxgl_default.png
02:04:58.890 [JavaFX Application Thread] DEBUG AssetLoader          - Loading from disk: /assets/ui/cursors/fxgl_default.png
02:04:58.928 [JavaFX Application Thread] DEBUG FXGLAssets           - Loading FXGLAssets
02:04:58.961 [JavaFX Application Thread] DEBUG AssetLoader          - Loading from disk: /assets/ui/fonts/VarelaRound-Regular.ttf
02:04:59.266 [JavaFX Application Thread] DEBUG AssetLoader          - Loading from disk: /assets/ui/fonts/lucida_console.ttf
02:04:59.285 [JavaFX Application Thread] DEBUG AssetLoader          - Loading from disk: /assets/ui/fonts/Courier-Prime.ttf
02:04:59.299 [JavaFX Application Thread] DEBUG AssetLoader          - Loading from disk: /assets/ui/fonts/Abel-Regular.ttf
02:04:59.317 [JavaFX Application Thread] DEBUG AssetLoader          - Loading from disk: /assets/ui/css/fxgl_dark.css
02:04:59.382 [JavaFX Application Thread] DEBUG AssetLoader          - Loading from disk: /assets/ui/cursors/fxgl_default.png
02:04:59.450 [JavaFX Application Thread] DEBUG AssetLoader          - Loading from disk: /assets/ui/cursors/fxgl_default.png
02:04:59.484 [JavaFX Application Thread] DEBUG GameScene            - Game scene initialized: 1240x520
02:04:59.494 [JavaFX Application Thread] DEBUG GameWorld            - Game world initialized
02:04:59.585 [JavaFX Application Thread] DEBUG PhysicsWorld         - Physics world initialized: appHeight=520, physics.ppm=50.0
02:04:59.614 [JavaFX Application Thread] DEBUG Input                - Registered new binding: Pause - Esc
02:04:59.639 [JavaFX Application Thread] DEBUG Input                - Clearing active input actions
02:04:59.717 [JavaFX Application Thread] DEBUG AppStateMachine      - StartupState -> StartupState
02:04:59.741 [JavaFX Application Thread] INFO  GameApplication      - Game configuration took:  0.889 sec
02:04:59.744 [JavaFX Application Thread] DEBUG AssetLoader          - Loading from disk: /assets/textures/icon (1).png
02:04:59.752 [JavaFX Application Thread] DEBUG MainWindow           - Opening main window
02:05:00.027 [JavaFX Application Thread] DEBUG MainWindow           - Window border size: (4.0, 26.66668701171875)
02:05:00.027 [JavaFX Application Thread] DEBUG MainWindow           - Scaled size: 1240.0 x 520.0
02:05:00.028 [JavaFX Application Thread] DEBUG MainWindow           - Scaled ratio: (1.0, 1.0)
02:05:00.028 [JavaFX Application Thread] DEBUG MainWindow           - Scene size: 1240.0 x 520.0
02:05:00.028 [JavaFX Application Thread] DEBUG MainWindow           - Stage size: 1244.0 x 546.6666870117188
02:05:00.028 [JavaFX Application Thread] DEBUG GameApplication      - Running preInit()
02:05:00.031 [JavaFX Application Thread] DEBUG Input                - Registered new binding: Screenshot - P
02:05:00.034 [JavaFX Application Thread] DEBUG Input                - Registered new binding: Dev Options - CTRL+0
02:05:00.036 [JavaFX Application Thread] DEBUG Input                - Registered new binding: System info dump - CTRL+9
02:05:00.037 [JavaFX Application Thread] DEBUG Input                - Registered new binding: Restart - CTRL+R
02:05:00.037 [JavaFX Application Thread] DEBUG Input                - Registered new binding: Move Up - Up
02:05:00.037 [JavaFX Application Thread] DEBUG Input                - Registered new binding: Move Left - Left
02:05:00.038 [JavaFX Application Thread] DEBUG Input                - Registered new binding: Move Down - Down
02:05:00.038 [JavaFX Application Thread] DEBUG Input                - Registered new binding: Move Right - Right
02:05:00.038 [JavaFX Application Thread] DEBUG Input                - Registered new binding: Place Bomb - Space
02:05:00.149 [JavaFX Application Thread] DEBUG AudioPlayer          - Playing music com.almasb.fxgl.audio.Music@399b1bfb
02:05:00.197 [JavaFX Application Thread] DEBUG GameApplication      - Starting main loop
02:05:00.199 [JavaFX Application Thread] DEBUG StartupState         - STARTUP
02:05:00.199 [JavaFX Application Thread] DEBUG GameApplication      - Starting new game
02:05:00.199 [JavaFX Application Thread] DEBUG Input                - Clearing active input actions
02:05:00.220 [JavaFX Application Thread] DEBUG AppStateMachine      - StartupState -> LoadingState
02:05:00.231 [FXGL Background Thread 1 ] DEBUG InitAppTask          - Clearing previous game
02:05:00.231 [FXGL Background Thread 1 ] DEBUG GameWorld            - Clearing game world
02:05:00.231 [FXGL Background Thread 1 ] DEBUG PhysicsWorld         - Clearing physics world
02:05:00.231 [FXGL Background Thread 1 ] DEBUG GameScene            - Clearing game scene
02:05:00.233 [FXGL Background Thread 1 ] DEBUG InitAppTask          - Initializing Game
02:05:00.270 [FXGL Background Thread 1 ] DEBUG AssetLoader          - Loading from disk: /assets/text/levels/Level1.txt
02:05:00.318 [FXGL Background Thread 1 ] DEBUG AssetLoader          - Loading from disk: /assets/textures/rock.png
02:05:00.326 [FXGL Background Thread 1 ] DEBUG AssetLoader          - Loading from cache: /assets/textures/rock.png@40.0x40.0
02:05:00.327 [FXGL Background Thread 1 ] DEBUG AssetLoader          - Loading from cache: /assets/textures/rock.png@40.0x40.0
02:05:00.329 [FXGL Background Thread 1 ] DEBUG AssetLoader          - Loading from cache: /assets/textures/rock.png@40.0x40.0
02:05:00.330 [FXGL Background Thread 1 ] DEBUG AssetLoader          - Loading from cache: /assets/textures/rock.png@40.0x40.0
02:05:00.331 [FXGL Background Thread 1 ] DEBUG AssetLoader          - Loading from cache: /assets/textures/rock.png@40.0x40.0
02:05:00.332 [FXGL Background Thread 1 ] DEBUG AssetLoader          - Loading from cache: /assets/textures/rock.png@40.0x40.0
02:05:00.333 [FXGL Background Thread 1 ] DEBUG AssetLoader          - Loading from cache: /assets/textures/rock.png@40.0x40.0
02:05:00.333 [FXGL Background Thread 1 ] DEBUG AssetLoader          - Loading from cache: /assets/textures/rock.png@40.0x40.0
02:05:00.334 [FXGL Background Thread 1 ] DEBUG AssetLoader          - Loading from cache: /assets/textures/rock.png@40.0x40.0
02:05:00.335 [FXGL Background Thread 1 ] DEBUG AssetLoader          - Loading from cache: /assets/textures/rock.png@40.0x40.0
02:05:00.336 [FXGL Background Thread 1 ] DEBUG AssetLoader          - Loading from cache: /assets/textures/rock.png@40.0x40.0
02:05:00.349 [FXGL Background Thread 1 ] DEBUG AssetLoader          - Loading from cache: /assets/textures/rock.png@40.0x40.0
02:05:00.350 [FXGL Background Thread 1 ] DEBUG AssetLoader          - Loading from cache: /assets/textures/rock.png@40.0x40.0
02:05:00.350 [FXGL Background Thread 1 ] DEBUG AssetLoader          - Loading from cache: /assets/textures/rock.png@40.0x40.0
02:05:00.352 [FXGL Background Thread 1 ] DEBUG AssetLoader          - Loading from cache: /assets/textures/rock.png@40.0x40.0
02:05:00.352 [FXGL Background Thread 1 ] DEBUG AssetLoader          - Loading from cache: /assets/textures/rock.png@40.0x40.0
02:05:00.353 [FXGL Background Thread 1 ] DEBUG AssetLoader          - Loading from cache: /assets/textures/rock.png@40.0x40.0
02:05:00.354 [FXGL Background Thread 1 ] DEBUG AssetLoader          - Loading from cache: /assets/textures/rock.png@40.0x40.0
02:05:00.355 [FXGL Background Thread 1 ] DEBUG AssetLoader          - Loading from cache: /assets/textures/rock.png@40.0x40.0
02:05:00.356 [FXGL Background Thread 1 ] DEBUG AssetLoader          - Loading from cache: /assets/textures/rock.png@40.0x40.0
02:05:00.357 [FXGL Background Thread 1 ] DEBUG AssetLoader          - Loading from cache: /assets/textures/rock.png@40.0x40.0
02:05:00.358 [FXGL Background Thread 1 ] DEBUG AssetLoader          - Loading from cache: /assets/textures/rock.png@40.0x40.0
02:05:00.358 [FXGL Background Thread 1 ] DEBUG AssetLoader          - Loading from cache: /assets/textures/rock.png@40.0x40.0
02:05:00.359 [FXGL Background Thread 1 ] DEBUG AssetLoader          - Loading from cache: /assets/textures/rock.png@40.0x40.0
02:05:00.361 [FXGL Background Thread 1 ] DEBUG AssetLoader          - Loading from cache: /assets/textures/rock.png@40.0x40.0
02:05:00.361 [FXGL Background Thread 1 ] DEBUG AssetLoader          - Loading from cache: /assets/textures/rock.png@40.0x40.0
02:05:00.362 [FXGL Background Thread 1 ] DEBUG AssetLoader          - Loading from cache: /assets/textures/rock.png@40.0x40.0
02:05:00.363 [FXGL Background Thread 1 ] DEBUG AssetLoader          - Loading from cache: /assets/textures/rock.png@40.0x40.0
02:05:00.364 [FXGL Background Thread 1 ] DEBUG AssetLoader          - Loading from cache: /assets/textures/rock.png@40.0x40.0
02:05:00.365 [FXGL Background Thread 1 ] DEBUG AssetLoader          - Loading from cache: /assets/textures/rock.png@40.0x40.0
02:05:00.366 [FXGL Background Thread 1 ] DEBUG AssetLoader          - Loading from cache: /assets/textures/rock.png@40.0x40.0
02:05:00.366 [FXGL Background Thread 1 ] DEBUG AssetLoader          - Loading from disk: /assets/textures/grass.png
02:05:00.369 [FXGL Background Thread 1 ] DEBUG AssetLoader          - Loading from cache: /assets/textures/grass.png@40.0x40.0
02:05:00.370 [FXGL Background Thread 1 ] DEBUG AssetLoader          - Loading from disk: /assets/textures/brick.png
02:05:00.372 [FXGL Background Thread 1 ] DEBUG AssetLoader          - Loading from cache: /assets/textures/grass.png@40.0x40.0
02:05:00.373 [FXGL Background Thread 1 ] DEBUG AssetLoader          - Loading from cache: /assets/textures/grass.png@40.0x40.0
02:05:00.373 [FXGL Background Thread 1 ] DEBUG AssetLoader          - Loading from cache: /assets/textures/grass.png@40.0x40.0
02:05:00.374 [FXGL Background Thread 1 ] DEBUG AssetLoader          - Loading from cache: /assets/textures/brick.png@40.0x40.0
02:05:00.375 [FXGL Background Thread 1 ] DEBUG AssetLoader          - Loading from cache: /assets/textures/brick.png@40.0x40.0
02:05:00.376 [FXGL Background Thread 1 ] DEBUG AssetLoader          - Loading from cache: /assets/textures/grass.png@40.0x40.0
02:05:00.377 [FXGL Background Thread 1 ] DEBUG AssetLoader          - Loading from cache: /assets/textures/brick.png@40.0x40.0
02:05:00.378 [FXGL Background Thread 1 ] DEBUG AssetLoader          - Loading from cache: /assets/textures/grass.png@40.0x40.0
02:05:00.379 [FXGL Background Thread 1 ] DEBUG AssetLoader          - Loading from cache: /assets/textures/grass.png@40.0x40.0
02:05:00.380 [FXGL Background Thread 1 ] DEBUG AssetLoader          - Loading from disk: /assets/textures/enemy.png
02:05:00.386 [FXGL Background Thread 1 ] DEBUG AssetLoader          - Loading from cache: /assets/textures/grass.png@40.0x40.0
02:05:00.387 [FXGL Background Thread 1 ] DEBUG AssetLoader          - Loading from cache: /assets/textures/brick.png@40.0x40.0
02:05:00.388 [FXGL Background Thread 1 ] DEBUG AssetLoader          - Loading from cache: /assets/textures/grass.png@40.0x40.0
02:05:00.388 [FXGL Background Thread 1 ] DEBUG AssetLoader          - Loading from cache: /assets/textures/grass.png@40.0x40.0
02:05:00.389 [FXGL Background Thread 1 ] DEBUG AssetLoader          - Loading from cache: /assets/textures/grass.png@40.0x40.0
02:05:00.390 [FXGL Background Thread 1 ] DEBUG AssetLoader          - Loading from cache: /assets/textures/brick.png@40.0x40.0
02:05:00.391 [FXGL Background Thread 1 ] DEBUG AssetLoader          - Loading from cache: /assets/textures/grass.png@40.0x40.0
02:05:00.391 [FXGL Background Thread 1 ] DEBUG AssetLoader          - Loading from cache: /assets/textures/grass.png@40.0x40.0
02:05:00.392 [FXGL Background Thread 1 ] DEBUG AssetLoader          - Loading from cache: /assets/textures/brick.png@40.0x40.0
02:05:00.394 [FXGL Background Thread 1 ] DEBUG AssetLoader          - Loading from cache: /assets/textures/grass.png@40.0x40.0
02:05:00.396 [FXGL Background Thread 1 ] DEBUG AssetLoader          - Loading from cache: /assets/textures/brick.png@40.0x40.0
02:05:00.398 [FXGL Background Thread 1 ] DEBUG AssetLoader          - Loading from cache: /assets/textures/grass.png@40.0x40.0
02:05:00.399 [FXGL Background Thread 1 ] DEBUG AssetLoader          - Loading from cache: /assets/textures/brick.png@40.0x40.0
02:05:00.399 [FXGL Background Thread 1 ] DEBUG AssetLoader          - Loading from cache: /assets/textures/grass.png@40.0x40.0
02:05:00.400 [FXGL Background Thread 1 ] DEBUG AssetLoader          - Loading from cache: /assets/textures/grass.png@40.0x40.0
02:05:00.401 [FXGL Background Thread 1 ] DEBUG AssetLoader          - Loading from cache: /assets/textures/grass.png@40.0x40.0
02:05:00.401 [FXGL Background Thread 1 ] DEBUG AssetLoader          - Loading from cache: /assets/textures/rock.png@40.0x40.0
02:05:00.402 [FXGL Background Thread 1 ] DEBUG AssetLoader          - Loading from cache: /assets/textures/rock.png@40.0x40.0
02:05:00.403 [FXGL Background Thread 1 ] DEBUG AssetLoader          - Loading from cache: /assets/textures/grass.png@40.0x40.0
02:05:00.404 [FXGL Background Thread 1 ] DEBUG AssetLoader          - Loading from cache: /assets/textures/rock.png@40.0x40.0
02:05:00.405 [FXGL Background Thread 1 ] DEBUG AssetLoader          - Loading from cache: /assets/textures/grass.png@40.0x40.0
02:05:00.405 [FXGL Background Thread 1 ] DEBUG AssetLoader          - Loading from cache: /assets/textures/rock.png@40.0x40.0
02:05:00.406 [FXGL Background Thread 1 ] DEBUG AssetLoader          - Loading from cache: /assets/textures/brick.png@40.0x40.0
02:05:00.407 [FXGL Background Thread 1 ] DEBUG AssetLoader          - Loading from cache: /assets/textures/rock.png@40.0x40.0
02:05:00.407 [FXGL Background Thread 1 ] DEBUG AssetLoader          - Loading from cache: /assets/textures/brick.png@40.0x40.0
02:05:00.408 [FXGL Background Thread 1 ] DEBUG AssetLoader          - Loading from cache: /assets/textures/rock.png@40.0x40.0
02:05:00.409 [FXGL Background Thread 1 ] DEBUG AssetLoader          - Loading from cache: /assets/textures/grass.png@40.0x40.0
02:05:00.409 [FXGL Background Thread 1 ] DEBUG AssetLoader          - Loading from cache: /assets/textures/rock.png@40.0x40.0
02:05:00.410 [FXGL Background Thread 1 ] DEBUG AssetLoader          - Loading from cache: /assets/textures/grass.png@40.0x40.0
02:05:00.411 [FXGL Background Thread 1 ] DEBUG AssetLoader          - Loading from cache: /assets/textures/rock.png@40.0x40.0
02:05:00.412 [FXGL Background Thread 1 ] DEBUG AssetLoader          - Loading from cache: /assets/textures/grass.png@40.0x40.0
02:05:00.413 [FXGL Background Thread 1 ] DEBUG AssetLoader          - Loading from cache: /assets/textures/rock.png@40.0x40.0
02:05:00.414 [FXGL Background Thread 1 ] DEBUG AssetLoader          - Loading from cache: /assets/textures/brick.png@40.0x40.0
02:05:00.414 [FXGL Background Thread 1 ] DEBUG AssetLoader          - Loading from cache: /assets/textures/rock.png@40.0x40.0
02:05:00.415 [FXGL Background Thread 1 ] DEBUG AssetLoader          - Loading from cache: /assets/textures/grass.png@40.0x40.0
02:05:00.415 [FXGL Background Thread 1 ] DEBUG AssetLoader          - Loading from cache: /assets/textures/rock.png@40.0x40.0
02:05:00.416 [FXGL Background Thread 1 ] DEBUG AssetLoader          - Loading from cache: /assets/textures/grass.png@40.0x40.0
02:05:00.417 [FXGL Background Thread 1 ] DEBUG AssetLoader          - Loading from cache: /assets/textures/rock.png@40.0x40.0
02:05:00.417 [FXGL Background Thread 1 ] DEBUG AssetLoader          - Loading from cache: /assets/textures/grass.png@40.0x40.0
02:05:00.418 [FXGL Background Thread 1 ] DEBUG AssetLoader          - Loading from cache: /assets/textures/rock.png@40.0x40.0
02:05:00.418 [FXGL Background Thread 1 ] DEBUG AssetLoader          - Loading from cache: /assets/textures/brick.png@40.0x40.0
02:05:00.419 [FXGL Background Thread 1 ] DEBUG AssetLoader          - Loading from cache: /assets/textures/rock.png@40.0x40.0
02:05:00.419 [FXGL Background Thread 1 ] DEBUG AssetLoader          - Loading from cache: /assets/textures/brick.png@40.0x40.0
02:05:00.420 [FXGL Background Thread 1 ] DEBUG AssetLoader          - Loading from cache: /assets/textures/rock.png@40.0x40.0
02:05:00.420 [FXGL Background Thread 1 ] DEBUG AssetLoader          - Loading from cache: /assets/textures/brick.png@40.0x40.0
02:05:00.421 [FXGL Background Thread 1 ] DEBUG AssetLoader          - Loading from cache: /assets/textures/rock.png@40.0x40.0
02:05:00.422 [FXGL Background Thread 1 ] DEBUG AssetLoader          - Loading from cache: /assets/textures/grass.png@40.0x40.0
02:05:00.422 [FXGL Background Thread 1 ] DEBUG AssetLoader          - Loading from cache: /assets/textures/rock.png@40.0x40.0
02:05:00.423 [FXGL Background Thread 1 ] DEBUG AssetLoader          - Loading from cache: /assets/textures/rock.png@40.0x40.0
02:05:00.424 [FXGL Background Thread 1 ] DEBUG AssetLoader          - Loading from cache: /assets/textures/grass.png@40.0x40.0
02:05:00.424 [FXGL Background Thread 1 ] DEBUG AssetLoader          - Loading from cache: /assets/textures/brick.png@40.0x40.0
02:05:00.425 [FXGL Background Thread 1 ] DEBUG AssetLoader          - Loading from cache: /assets/textures/grass.png@40.0x40.0
02:05:00.426 [FXGL Background Thread 1 ] DEBUG AssetLoader          - Loading from cache: /assets/textures/brick.png@40.0x40.0
02:05:00.427 [FXGL Background Thread 1 ] DEBUG AssetLoader          - Loading from cache: /assets/textures/grass.png@40.0x40.0
02:05:00.428 [FXGL Background Thread 1 ] DEBUG AssetLoader          - Loading from cache: /assets/textures/grass.png@40.0x40.0
02:05:00.428 [FXGL Background Thread 1 ] DEBUG AssetLoader          - Loading from cache: /assets/textures/grass.png@40.0x40.0
02:05:00.429 [FXGL Background Thread 1 ] DEBUG AssetLoader          - Loading from cache: /assets/textures/brick.png@40.0x40.0
02:05:00.430 [FXGL Background Thread 1 ] DEBUG AssetLoader          - Loading from cache: /assets/textures/grass.png@40.0x40.0
02:05:00.431 [FXGL Background Thread 1 ] DEBUG AssetLoader          - Loading from cache: /assets/textures/grass.png@40.0x40.0
02:05:00.431 [FXGL Background Thread 1 ] DEBUG AssetLoader          - Loading from cache: /assets/textures/brick.png@40.0x40.0
02:05:00.432 [FXGL Background Thread 1 ] DEBUG AssetLoader          - Loading from cache: /assets/textures/brick.png@40.0x40.0
02:05:00.433 [FXGL Background Thread 1 ] DEBUG AssetLoader          - Loading from cache: /assets/textures/brick.png@40.0x40.0
02:05:00.434 [FXGL Background Thread 1 ] DEBUG AssetLoader          - Loading from cache: /assets/textures/grass.png@40.0x40.0
02:05:00.434 [FXGL Background Thread 1 ] DEBUG AssetLoader          - Loading from cache: /assets/textures/brick.png@40.0x40.0
02:05:00.435 [FXGL Background Thread 1 ] DEBUG AssetLoader          - Loading from cache: /assets/textures/grass.png@40.0x40.0
02:05:00.435 [FXGL Background Thread 1 ] DEBUG AssetLoader          - Loading from cache: /assets/textures/grass.png@40.0x40.0
02:05:00.436 [FXGL Background Thread 1 ] DEBUG AssetLoader          - Loading from cache: /assets/textures/grass.png@40.0x40.0
02:05:00.437 [FXGL Background Thread 1 ] DEBUG AssetLoader          - Loading from cache: /assets/textures/grass.png@40.0x40.0
02:05:00.437 [FXGL Background Thread 1 ] DEBUG AssetLoader          - Loading from cache: /assets/textures/grass.png@40.0x40.0
02:05:00.438 [FXGL Background Thread 1 ] DEBUG AssetLoader          - Loading from cache: /assets/textures/grass.png@40.0x40.0
02:05:00.439 [FXGL Background Thread 1 ] DEBUG AssetLoader          - Loading from cache: /assets/textures/brick.png@40.0x40.0
02:05:00.440 [FXGL Background Thread 1 ] DEBUG AssetLoader          - Loading from cache: /assets/textures/brick.png@40.0x40.0
02:05:00.440 [FXGL Background Thread 1 ] DEBUG AssetLoader          - Loading from cache: /assets/textures/grass.png@40.0x40.0
02:05:00.441 [FXGL Background Thread 1 ] DEBUG AssetLoader          - Loading from cache: /assets/textures/grass.png@40.0x40.0
02:05:00.442 [FXGL Background Thread 1 ] DEBUG AssetLoader          - Loading from cache: /assets/textures/brick.png@40.0x40.0
02:05:00.442 [FXGL Background Thread 1 ] DEBUG AssetLoader          - Loading from cache: /assets/textures/grass.png@40.0x40.0
02:05:00.443 [FXGL Background Thread 1 ] DEBUG AssetLoader          - Loading from cache: /assets/textures/brick.png@40.0x40.0
02:05:00.447 [FXGL Background Thread 1 ] DEBUG AssetLoader          - Loading from cache: /assets/textures/grass.png@40.0x40.0
02:05:00.448 [FXGL Background Thread 1 ] DEBUG AssetLoader          - Loading from cache: /assets/textures/rock.png@40.0x40.0
02:05:00.448 [FXGL Background Thread 1 ] DEBUG AssetLoader          - Loading from cache: /assets/textures/rock.png@40.0x40.0
02:05:00.449 [FXGL Background Thread 1 ] DEBUG AssetLoader          - Loading from cache: /assets/textures/grass.png@40.0x40.0
02:05:00.450 [FXGL Background Thread 1 ] DEBUG AssetLoader          - Loading from cache: /assets/textures/brick.png@40.0x40.0
02:05:00.451 [FXGL Background Thread 1 ] DEBUG AssetLoader          - Loading from cache: /assets/textures/grass.png@40.0x40.0
02:05:00.451 [FXGL Background Thread 1 ] DEBUG AssetLoader          - Loading from cache: /assets/textures/rock.png@40.0x40.0
02:05:00.452 [FXGL Background Thread 1 ] DEBUG AssetLoader          - Loading from cache: /assets/textures/brick.png@40.0x40.0
02:05:00.453 [FXGL Background Thread 1 ] DEBUG AssetLoader          - Loading from cache: /assets/textures/rock.png@40.0x40.0
02:05:00.454 [FXGL Background Thread 1 ] DEBUG AssetLoader          - Loading from cache: /assets/textures/grass.png@40.0x40.0
02:05:00.454 [FXGL Background Thread 1 ] DEBUG AssetLoader          - Loading from cache: /assets/textures/rock.png@40.0x40.0
02:05:00.455 [FXGL Background Thread 1 ] DEBUG AssetLoader          - Loading from cache: /assets/textures/grass.png@40.0x40.0
02:05:00.455 [FXGL Background Thread 1 ] DEBUG AssetLoader          - Loading from cache: /assets/textures/rock.png@40.0x40.0
02:05:00.456 [FXGL Background Thread 1 ] DEBUG AssetLoader          - Loading from cache: /assets/textures/brick.png@40.0x40.0
02:05:00.457 [FXGL Background Thread 1 ] DEBUG AssetLoader          - Loading from cache: /assets/textures/rock.png@40.0x40.0
02:05:00.458 [FXGL Background Thread 1 ] DEBUG AssetLoader          - Loading from cache: /assets/textures/grass.png@40.0x40.0
02:05:00.458 [FXGL Background Thread 1 ] DEBUG AssetLoader          - Loading from cache: /assets/textures/rock.png@40.0x40.0
02:05:00.459 [FXGL Background Thread 1 ] DEBUG AssetLoader          - Loading from cache: /assets/textures/grass.png@40.0x40.0
02:05:00.460 [FXGL Background Thread 1 ] DEBUG AssetLoader          - Loading from cache: /assets/textures/rock.png@40.0x40.0
02:05:00.461 [FXGL Background Thread 1 ] DEBUG AssetLoader          - Loading from cache: /assets/textures/brick.png@40.0x40.0
02:05:00.461 [FXGL Background Thread 1 ] DEBUG AssetLoader          - Loading from cache: /assets/textures/rock.png@40.0x40.0
02:05:00.462 [FXGL Background Thread 1 ] DEBUG AssetLoader          - Loading from cache: /assets/textures/brick.png@40.0x40.0
02:05:00.463 [FXGL Background Thread 1 ] DEBUG AssetLoader          - Loading from cache: /assets/textures/rock.png@40.0x40.0
02:05:00.463 [FXGL Background Thread 1 ] DEBUG AssetLoader          - Loading from cache: /assets/textures/grass.png@40.0x40.0
02:05:00.464 [FXGL Background Thread 1 ] DEBUG AssetLoader          - Loading from cache: /assets/textures/rock.png@40.0x40.0
02:05:00.465 [FXGL Background Thread 1 ] DEBUG AssetLoader          - Loading from cache: /assets/textures/grass.png@40.0x40.0
02:05:00.465 [FXGL Background Thread 1 ] DEBUG AssetLoader          - Loading from cache: /assets/textures/rock.png@40.0x40.0
02:05:00.466 [FXGL Background Thread 1 ] DEBUG AssetLoader          - Loading from cache: /assets/textures/grass.png@40.0x40.0
02:05:00.467 [FXGL Background Thread 1 ] DEBUG AssetLoader          - Loading from cache: /assets/textures/rock.png@40.0x40.0
02:05:00.467 [FXGL Background Thread 1 ] DEBUG AssetLoader          - Loading from cache: /assets/textures/grass.png@40.0x40.0
02:05:00.468 [FXGL Background Thread 1 ] DEBUG AssetLoader          - Loading from cache: /assets/textures/rock.png@40.0x40.0
02:05:00.468 [FXGL Background Thread 1 ] DEBUG AssetLoader          - Loading from cache: /assets/textures/brick.png@40.0x40.0
02:05:00.469 [FXGL Background Thread 1 ] DEBUG AssetLoader          - Loading from cache: /assets/textures/rock.png@40.0x40.0
02:05:00.469 [FXGL Background Thread 1 ] DEBUG AssetLoader          - Loading from cache: /assets/textures/rock.png@40.0x40.0
02:05:00.470 [FXGL Background Thread 1 ] DEBUG AssetLoader          - Loading from cache: /assets/textures/grass.png@40.0x40.0
02:05:00.470 [FXGL Background Thread 1 ] DEBUG AssetLoader          - Loading from cache: /assets/textures/brick.png@40.0x40.0
02:05:00.471 [FXGL Background Thread 1 ] DEBUG AssetLoader          - Loading from cache: /assets/textures/grass.png@40.0x40.0
02:05:00.472 [FXGL Background Thread 1 ] DEBUG AssetLoader          - Loading from cache: /assets/textures/rock.png@40.0x40.0
02:05:00.472 [FXGL Background Thread 1 ] DEBUG AssetLoader          - Loading from cache: /assets/textures/grass.png@40.0x40.0
02:05:00.473 [FXGL Background Thread 1 ] DEBUG AssetLoader          - Loading from cache: /assets/textures/grass.png@40.0x40.0
02:05:00.473 [FXGL Background Thread 1 ] DEBUG AssetLoader          - Loading from cache: /assets/textures/enemy.png@40.0x40.0
02:05:00.474 [FXGL Background Thread 1 ] DEBUG AssetLoader          - Loading from cache: /assets/textures/grass.png@40.0x40.0
02:05:00.475 [FXGL Background Thread 1 ] DEBUG AssetLoader          - Loading from cache: /assets/textures/grass.png@40.0x40.0
02:05:00.475 [FXGL Background Thread 1 ] DEBUG AssetLoader          - Loading from cache: /assets/textures/grass.png@40.0x40.0
02:05:00.476 [FXGL Background Thread 1 ] DEBUG AssetLoader          - Loading from cache: /assets/textures/grass.png@40.0x40.0
02:05:00.476 [FXGL Background Thread 1 ] DEBUG AssetLoader          - Loading from cache: /assets/textures/grass.png@40.0x40.0
02:05:00.477 [FXGL Background Thread 1 ] DEBUG AssetLoader          - Loading from cache: /assets/textures/brick.png@40.0x40.0
02:05:00.478 [FXGL Background Thread 1 ] DEBUG AssetLoader          - Loading from cache: /assets/textures/brick.png@40.0x40.0
02:05:00.478 [FXGL Background Thread 1 ] DEBUG AssetLoader          - Loading from cache: /assets/textures/grass.png@40.0x40.0
02:05:00.479 [FXGL Background Thread 1 ] DEBUG AssetLoader          - Loading from cache: /assets/textures/grass.png@40.0x40.0
02:05:00.479 [FXGL Background Thread 1 ] DEBUG AssetLoader          - Loading from cache: /assets/textures/brick.png@40.0x40.0
02:05:00.479 [FXGL Background Thread 1 ] DEBUG AssetLoader          - Loading from cache: /assets/textures/grass.png@40.0x40.0
02:05:00.480 [FXGL Background Thread 1 ] DEBUG AssetLoader          - Loading from cache: /assets/textures/grass.png@40.0x40.0
02:05:00.480 [FXGL Background Thread 1 ] DEBUG AssetLoader          - Loading from cache: /assets/textures/brick.png@40.0x40.0
02:05:00.481 [FXGL Background Thread 1 ] DEBUG AssetLoader          - Loading from cache: /assets/textures/grass.png@40.0x40.0
02:05:00.481 [FXGL Background Thread 1 ] DEBUG AssetLoader          - Loading from cache: /assets/textures/grass.png@40.0x40.0
02:05:00.481 [FXGL Background Thread 1 ] DEBUG AssetLoader          - Loading from cache: /assets/textures/grass.png@40.0x40.0
02:05:00.482 [FXGL Background Thread 1 ] DEBUG AssetLoader          - Loading from cache: /assets/textures/brick.png@40.0x40.0
02:05:00.482 [FXGL Background Thread 1 ] DEBUG AssetLoader          - Loading from cache: /assets/textures/grass.png@40.0x40.0
02:05:00.483 [FXGL Background Thread 1 ] DEBUG AssetLoader          - Loading from cache: /assets/textures/grass.png@40.0x40.0
02:05:00.484 [FXGL Background Thread 1 ] DEBUG AssetLoader          - Loading from cache: /assets/textures/enemy.png@40.0x40.0
02:05:00.485 [FXGL Background Thread 1 ] DEBUG AssetLoader          - Loading from cache: /assets/textures/grass.png@40.0x40.0
02:05:00.485 [FXGL Background Thread 1 ] DEBUG AssetLoader          - Loading from cache: /assets/textures/grass.png@40.0x40.0
02:05:00.485 [FXGL Background Thread 1 ] DEBUG AssetLoader          - Loading from cache: /assets/textures/rock.png@40.0x40.0
02:05:00.486 [FXGL Background Thread 1 ] DEBUG AssetLoader          - Loading from cache: /assets/textures/rock.png@40.0x40.0
02:05:00.487 [FXGL Background Thread 1 ] DEBUG AssetLoader          - Loading from cache: /assets/textures/grass.png@40.0x40.0
02:05:00.487 [FXGL Background Thread 1 ] DEBUG AssetLoader          - Loading from cache: /assets/textures/rock.png@40.0x40.0
02:05:00.488 [FXGL Background Thread 1 ] DEBUG AssetLoader          - Loading from cache: /assets/textures/grass.png@40.0x40.0
02:05:00.488 [FXGL Background Thread 1 ] DEBUG AssetLoader          - Loading from cache: /assets/textures/rock.png@40.0x40.0
02:05:00.489 [FXGL Background Thread 1 ] DEBUG AssetLoader          - Loading from cache: /assets/textures/grass.png@40.0x40.0
02:05:00.490 [FXGL Background Thread 1 ] DEBUG AssetLoader          - Loading from cache: /assets/textures/rock.png@40.0x40.0
02:05:00.490 [FXGL Background Thread 1 ] DEBUG AssetLoader          - Loading from cache: /assets/textures/grass.png@40.0x40.0
02:05:00.491 [FXGL Background Thread 1 ] DEBUG AssetLoader          - Loading from cache: /assets/textures/rock.png@40.0x40.0
02:05:00.492 [FXGL Background Thread 1 ] DEBUG AssetLoader          - Loading from cache: /assets/textures/grass.png@40.0x40.0
02:05:00.492 [FXGL Background Thread 1 ] DEBUG AssetLoader          - Loading from cache: /assets/textures/rock.png@40.0x40.0
02:05:00.493 [FXGL Background Thread 1 ] DEBUG AssetLoader          - Loading from cache: /assets/textures/grass.png@40.0x40.0
02:05:00.494 [FXGL Background Thread 1 ] DEBUG AssetLoader          - Loading from cache: /assets/textures/rock.png@40.0x40.0
02:05:00.494 [FXGL Background Thread 1 ] DEBUG AssetLoader          - Loading from cache: /assets/textures/grass.png@40.0x40.0
02:05:00.495 [FXGL Background Thread 1 ] DEBUG AssetLoader          - Loading from cache: /assets/textures/rock.png@40.0x40.0
02:05:00.496 [FXGL Background Thread 1 ] DEBUG AssetLoader          - Loading from cache: /assets/textures/grass.png@40.0x40.0
02:05:00.496 [FXGL Background Thread 1 ] DEBUG AssetLoader          - Loading from cache: /assets/textures/rock.png@40.0x40.0
02:05:00.497 [FXGL Background Thread 1 ] DEBUG AssetLoader          - Loading from cache: /assets/textures/grass.png@40.0x40.0
02:05:00.498 [FXGL Background Thread 1 ] DEBUG AssetLoader          - Loading from cache: /assets/textures/rock.png@40.0x40.0
02:05:00.498 [FXGL Background Thread 1 ] DEBUG AssetLoader          - Loading from cache: /assets/textures/brick.png@40.0x40.0
02:05:00.499 [FXGL Background Thread 1 ] DEBUG AssetLoader          - Loading from cache: /assets/textures/rock.png@40.0x40.0
02:05:00.499 [FXGL Background Thread 1 ] DEBUG AssetLoader          - Loading from cache: /assets/textures/grass.png@40.0x40.0
02:05:00.500 [FXGL Background Thread 1 ] DEBUG AssetLoader          - Loading from cache: /assets/textures/rock.png@40.0x40.0
02:05:00.500 [FXGL Background Thread 1 ] DEBUG AssetLoader          - Loading from cache: /assets/textures/brick.png@40.0x40.0
02:05:00.501 [FXGL Background Thread 1 ] DEBUG AssetLoader          - Loading from cache: /assets/textures/rock.png@40.0x40.0
02:05:00.501 [FXGL Background Thread 1 ] DEBUG AssetLoader          - Loading from cache: /assets/textures/grass.png@40.0x40.0
02:05:00.502 [FXGL Background Thread 1 ] DEBUG AssetLoader          - Loading from cache: /assets/textures/rock.png@40.0x40.0
02:05:00.502 [FXGL Background Thread 1 ] DEBUG AssetLoader          - Loading from cache: /assets/textures/grass.png@40.0x40.0
02:05:00.503 [FXGL Background Thread 1 ] DEBUG AssetLoader          - Loading from cache: /assets/textures/rock.png@40.0x40.0
02:05:00.503 [FXGL Background Thread 1 ] DEBUG AssetLoader          - Loading from cache: /assets/textures/grass.png@40.0x40.0
02:05:00.504 [FXGL Background Thread 1 ] DEBUG AssetLoader          - Loading from cache: /assets/textures/rock.png@40.0x40.0
02:05:00.505 [FXGL Background Thread 1 ] DEBUG AssetLoader          - Loading from cache: /assets/textures/rock.png@40.0x40.0
02:05:00.505 [FXGL Background Thread 1 ] DEBUG AssetLoader          - Loading from cache: /assets/textures/brick.png@40.0x40.0
02:05:00.506 [FXGL Background Thread 1 ] DEBUG AssetLoader          - Loading from cache: /assets/textures/grass.png@40.0x40.0
02:05:00.506 [FXGL Background Thread 1 ] DEBUG AssetLoader          - Loading from cache: /assets/textures/brick.png@40.0x40.0
02:05:00.507 [FXGL Background Thread 1 ] DEBUG AssetLoader          - Loading from cache: /assets/textures/grass.png@40.0x40.0
02:05:00.508 [FXGL Background Thread 1 ] DEBUG AssetLoader          - Loading from cache: /assets/textures/brick.png@40.0x40.0
02:05:00.508 [FXGL Background Thread 1 ] DEBUG AssetLoader          - Loading from cache: /assets/textures/grass.png@40.0x40.0
02:05:00.509 [FXGL Background Thread 1 ] DEBUG AssetLoader          - Loading from cache: /assets/textures/grass.png@40.0x40.0
02:05:00.509 [FXGL Background Thread 1 ] DEBUG AssetLoader          - Loading from cache: /assets/textures/rock.png@40.0x40.0
02:05:00.510 [FXGL Background Thread 1 ] DEBUG AssetLoader          - Loading from cache: /assets/textures/grass.png@40.0x40.0
02:05:00.510 [FXGL Background Thread 1 ] DEBUG AssetLoader          - Loading from cache: /assets/textures/grass.png@40.0x40.0
02:05:00.511 [FXGL Background Thread 1 ] DEBUG AssetLoader          - Loading from cache: /assets/textures/brick.png@40.0x40.0
02:05:00.512 [FXGL Background Thread 1 ] DEBUG AssetLoader          - Loading from cache: /assets/textures/grass.png@40.0x40.0
02:05:00.512 [FXGL Background Thread 1 ] DEBUG AssetLoader          - Loading from cache: /assets/textures/grass.png@40.0x40.0
02:05:00.513 [FXGL Background Thread 1 ] DEBUG AssetLoader          - Loading from cache: /assets/textures/brick.png@40.0x40.0
02:05:00.514 [FXGL Background Thread 1 ] DEBUG AssetLoader          - Loading from cache: /assets/textures/grass.png@40.0x40.0
02:05:00.514 [FXGL Background Thread 1 ] DEBUG AssetLoader          - Loading from cache: /assets/textures/grass.png@40.0x40.0
02:05:00.515 [FXGL Background Thread 1 ] DEBUG AssetLoader          - Loading from cache: /assets/textures/grass.png@40.0x40.0
02:05:00.516 [FXGL Background Thread 1 ] DEBUG AssetLoader          - Loading from cache: /assets/textures/grass.png@40.0x40.0
02:05:00.516 [FXGL Background Thread 1 ] DEBUG AssetLoader          - Loading from cache: /assets/textures/grass.png@40.0x40.0
02:05:00.517 [FXGL Background Thread 1 ] DEBUG AssetLoader          - Loading from cache: /assets/textures/grass.png@40.0x40.0
02:05:00.517 [FXGL Background Thread 1 ] DEBUG AssetLoader          - Loading from cache: /assets/textures/brick.png@40.0x40.0
02:05:00.518 [FXGL Background Thread 1 ] DEBUG AssetLoader          - Loading from cache: /assets/textures/grass.png@40.0x40.0
02:05:00.518 [FXGL Background Thread 1 ] DEBUG AssetLoader          - Loading from cache: /assets/textures/grass.png@40.0x40.0
02:05:00.519 [FXGL Background Thread 1 ] DEBUG AssetLoader          - Loading from cache: /assets/textures/grass.png@40.0x40.0
02:05:00.519 [FXGL Background Thread 1 ] DEBUG AssetLoader          - Loading from cache: /assets/textures/grass.png@40.0x40.0
02:05:00.520 [FXGL Background Thread 1 ] DEBUG AssetLoader          - Loading from cache: /assets/textures/grass.png@40.0x40.0
02:05:00.520 [FXGL Background Thread 1 ] DEBUG AssetLoader          - Loading from cache: /assets/textures/grass.png@40.0x40.0
02:05:00.521 [FXGL Background Thread 1 ] DEBUG AssetLoader          - Loading from cache: /assets/textures/grass.png@40.0x40.0
02:05:00.522 [FXGL Background Thread 1 ] DEBUG AssetLoader          - Loading from cache: /assets/textures/grass.png@40.0x40.0
02:05:00.522 [FXGL Background Thread 1 ] DEBUG AssetLoader          - Loading from cache: /assets/textures/rock.png@40.0x40.0
02:05:00.523 [FXGL Background Thread 1 ] DEBUG AssetLoader          - Loading from cache: /assets/textures/rock.png@40.0x40.0
02:05:00.523 [FXGL Background Thread 1 ] DEBUG AssetLoader          - Loading from cache: /assets/textures/grass.png@40.0x40.0
02:05:00.524 [FXGL Background Thread 1 ] DEBUG AssetLoader          - Loading from cache: /assets/textures/rock.png@40.0x40.0
02:05:00.524 [FXGL Background Thread 1 ] DEBUG AssetLoader          - Loading from cache: /assets/textures/grass.png@40.0x40.0
02:05:00.525 [FXGL Background Thread 1 ] DEBUG AssetLoader          - Loading from cache: /assets/textures/rock.png@40.0x40.0
02:05:00.526 [FXGL Background Thread 1 ] DEBUG AssetLoader          - Loading from cache: /assets/textures/grass.png@40.0x40.0
02:05:00.526 [FXGL Background Thread 1 ] DEBUG AssetLoader          - Loading from cache: /assets/textures/rock.png@40.0x40.0
02:05:00.527 [FXGL Background Thread 1 ] DEBUG AssetLoader          - Loading from cache: /assets/textures/grass.png@40.0x40.0
02:05:00.527 [FXGL Background Thread 1 ] DEBUG AssetLoader          - Loading from cache: /assets/textures/rock.png@40.0x40.0
02:05:00.528 [FXGL Background Thread 1 ] DEBUG AssetLoader          - Loading from cache: /assets/textures/brick.png@40.0x40.0
02:05:00.528 [FXGL Background Thread 1 ] DEBUG AssetLoader          - Loading from cache: /assets/textures/rock.png@40.0x40.0
02:05:00.529 [FXGL Background Thread 1 ] DEBUG AssetLoader          - Loading from cache: /assets/textures/grass.png@40.0x40.0
02:05:00.529 [FXGL Background Thread 1 ] DEBUG AssetLoader          - Loading from cache: /assets/textures/rock.png@40.0x40.0
02:05:00.530 [FXGL Background Thread 1 ] DEBUG AssetLoader          - Loading from cache: /assets/textures/grass.png@40.0x40.0
02:05:00.530 [FXGL Background Thread 1 ] DEBUG AssetLoader          - Loading from cache: /assets/textures/rock.png@40.0x40.0
02:05:00.531 [FXGL Background Thread 1 ] DEBUG AssetLoader          - Loading from cache: /assets/textures/grass.png@40.0x40.0
02:05:00.531 [FXGL Background Thread 1 ] DEBUG AssetLoader          - Loading from cache: /assets/textures/rock.png@40.0x40.0
02:05:00.532 [FXGL Background Thread 1 ] DEBUG AssetLoader          - Loading from cache: /assets/textures/brick.png@40.0x40.0
02:05:00.532 [FXGL Background Thread 1 ] DEBUG AssetLoader          - Loading from cache: /assets/textures/rock.png@40.0x40.0
02:05:00.533 [FXGL Background Thread 1 ] DEBUG AssetLoader          - Loading from cache: /assets/textures/brick.png@40.0x40.0
02:05:00.533 [FXGL Background Thread 1 ] DEBUG AssetLoader          - Loading from cache: /assets/textures/rock.png@40.0x40.0
02:05:00.534 [FXGL Background Thread 1 ] DEBUG AssetLoader          - Loading from cache: /assets/textures/grass.png@40.0x40.0
02:05:00.534 [FXGL Background Thread 1 ] DEBUG AssetLoader          - Loading from cache: /assets/textures/rock.png@40.0x40.0
02:05:00.534 [FXGL Background Thread 1 ] DEBUG AssetLoader          - Loading from cache: /assets/textures/grass.png@40.0x40.0
02:05:00.535 [FXGL Background Thread 1 ] DEBUG AssetLoader          - Loading from cache: /assets/textures/rock.png@40.0x40.0
02:05:00.535 [FXGL Background Thread 1 ] DEBUG AssetLoader          - Loading from cache: /assets/textures/grass.png@40.0x40.0
02:05:00.536 [FXGL Background Thread 1 ] DEBUG AssetLoader          - Loading from cache: /assets/textures/rock.png@40.0x40.0
02:05:00.536 [FXGL Background Thread 1 ] DEBUG AssetLoader          - Loading from cache: /assets/textures/grass.png@40.0x40.0
02:05:00.536 [FXGL Background Thread 1 ] DEBUG AssetLoader          - Loading from cache: /assets/textures/rock.png@40.0x40.0
02:05:00.537 [FXGL Background Thread 1 ] DEBUG AssetLoader          - Loading from cache: /assets/textures/grass.png@40.0x40.0
02:05:00.537 [FXGL Background Thread 1 ] DEBUG AssetLoader          - Loading from cache: /assets/textures/rock.png@40.0x40.0
02:05:00.537 [FXGL Background Thread 1 ] DEBUG AssetLoader          - Loading from cache: /assets/textures/rock.png@40.0x40.0
02:05:00.538 [FXGL Background Thread 1 ] DEBUG AssetLoader          - Loading from cache: /assets/textures/brick.png@40.0x40.0
02:05:00.538 [FXGL Background Thread 1 ] DEBUG AssetLoader          - Loading from cache: /assets/textures/grass.png@40.0x40.0
02:05:00.538 [FXGL Background Thread 1 ] DEBUG AssetLoader          - Loading from cache: /assets/textures/grass.png@40.0x40.0
02:05:00.538 [FXGL Background Thread 1 ] DEBUG AssetLoader          - Loading from cache: /assets/textures/grass.png@40.0x40.0
02:05:00.539 [FXGL Background Thread 1 ] DEBUG AssetLoader          - Loading from cache: /assets/textures/grass.png@40.0x40.0
02:05:00.539 [FXGL Background Thread 1 ] DEBUG AssetLoader          - Loading from cache: /assets/textures/brick.png@40.0x40.0
02:05:00.540 [FXGL Background Thread 1 ] DEBUG AssetLoader          - Loading from cache: /assets/textures/brick.png@40.0x40.0
02:05:00.540 [FXGL Background Thread 1 ] DEBUG AssetLoader          - Loading from cache: /assets/textures/grass.png@40.0x40.0
02:05:00.540 [FXGL Background Thread 1 ] DEBUG AssetLoader          - Loading from cache: /assets/textures/grass.png@40.0x40.0
02:05:00.541 [FXGL Background Thread 1 ] DEBUG AssetLoader          - Loading from cache: /assets/textures/brick.png@40.0x40.0
02:05:00.541 [FXGL Background Thread 1 ] DEBUG AssetLoader          - Loading from cache: /assets/textures/grass.png@40.0x40.0
02:05:00.541 [FXGL Background Thread 1 ] DEBUG AssetLoader          - Loading from cache: /assets/textures/grass.png@40.0x40.0
02:05:00.543 [FXGL Background Thread 1 ] DEBUG AssetLoader          - Loading from cache: /assets/textures/grass.png@40.0x40.0
02:05:00.543 [FXGL Background Thread 1 ] DEBUG AssetLoader          - Loading from cache: /assets/textures/grass.png@40.0x40.0
02:05:00.544 [FXGL Background Thread 1 ] DEBUG AssetLoader          - Loading from cache: /assets/textures/grass.png@40.0x40.0
02:05:00.544 [FXGL Background Thread 1 ] DEBUG AssetLoader          - Loading from cache: /assets/textures/grass.png@40.0x40.0
02:05:00.544 [FXGL Background Thread 1 ] DEBUG AssetLoader          - Loading from cache: /assets/textures/grass.png@40.0x40.0
02:05:00.545 [FXGL Background Thread 1 ] DEBUG AssetLoader          - Loading from cache: /assets/textures/brick.png@40.0x40.0
02:05:00.545 [FXGL Background Thread 1 ] DEBUG AssetLoader          - Loading from cache: /assets/textures/grass.png@40.0x40.0
02:05:00.545 [FXGL Background Thread 1 ] DEBUG AssetLoader          - Loading from cache: /assets/textures/grass.png@40.0x40.0
02:05:00.546 [FXGL Background Thread 1 ] DEBUG AssetLoader          - Loading from cache: /assets/textures/grass.png@40.0x40.0
02:05:00.546 [FXGL Background Thread 1 ] DEBUG AssetLoader          - Loading from cache: /assets/textures/brick.png@40.0x40.0
02:05:00.547 [FXGL Background Thread 1 ] DEBUG AssetLoader          - Loading from cache: /assets/textures/grass.png@40.0x40.0
02:05:00.547 [FXGL Background Thread 1 ] DEBUG AssetLoader          - Loading from cache: /assets/textures/grass.png@40.0x40.0
02:05:00.548 [FXGL Background Thread 1 ] DEBUG AssetLoader          - Loading from cache: /assets/textures/grass.png@40.0x40.0
02:05:00.548 [FXGL Background Thread 1 ] DEBUG AssetLoader          - Loading from cache: /assets/textures/grass.png@40.0x40.0
02:05:00.549 [FXGL Background Thread 1 ] DEBUG AssetLoader          - Loading from cache: /assets/textures/grass.png@40.0x40.0
02:05:00.549 [FXGL Background Thread 1 ] DEBUG AssetLoader          - Loading from cache: /assets/textures/grass.png@40.0x40.0
02:05:00.549 [FXGL Background Thread 1 ] DEBUG AssetLoader          - Loading from cache: /assets/textures/grass.png@40.0x40.0
02:05:00.550 [FXGL Background Thread 1 ] DEBUG AssetLoader          - Loading from cache: /assets/textures/rock.png@40.0x40.0
02:05:00.550 [FXGL Background Thread 1 ] DEBUG AssetLoader          - Loading from cache: /assets/textures/rock.png@40.0x40.0
02:05:00.551 [FXGL Background Thread 1 ] DEBUG AssetLoader          - Loading from cache: /assets/textures/grass.png@40.0x40.0
02:05:00.551 [FXGL Background Thread 1 ] DEBUG AssetLoader          - Loading from cache: /assets/textures/rock.png@40.0x40.0
02:05:00.551 [FXGL Background Thread 1 ] DEBUG AssetLoader          - Loading from cache: /assets/textures/brick.png@40.0x40.0
02:05:00.552 [FXGL Background Thread 1 ] DEBUG AssetLoader          - Loading from cache: /assets/textures/rock.png@40.0x40.0
02:05:00.552 [FXGL Background Thread 1 ] DEBUG AssetLoader          - Loading from cache: /assets/textures/grass.png@40.0x40.0
02:05:00.553 [FXGL Background Thread 1 ] DEBUG AssetLoader          - Loading from cache: /assets/textures/rock.png@40.0x40.0
02:05:00.553 [FXGL Background Thread 1 ] DEBUG AssetLoader          - Loading from cache: /assets/textures/brick.png@40.0x40.0
02:05:00.553 [FXGL Background Thread 1 ] DEBUG AssetLoader          - Loading from cache: /assets/textures/rock.png@40.0x40.0
02:05:00.554 [FXGL Background Thread 1 ] DEBUG AssetLoader          - Loading from cache: /assets/textures/grass.png@40.0x40.0
02:05:00.554 [FXGL Background Thread 1 ] DEBUG AssetLoader          - Loading from cache: /assets/textures/rock.png@40.0x40.0
02:05:00.554 [FXGL Background Thread 1 ] DEBUG AssetLoader          - Loading from cache: /assets/textures/grass.png@40.0x40.0
02:05:00.555 [FXGL Background Thread 1 ] DEBUG AssetLoader          - Loading from cache: /assets/textures/rock.png@40.0x40.0
02:05:00.555 [FXGL Background Thread 1 ] DEBUG AssetLoader          - Loading from cache: /assets/textures/grass.png@40.0x40.0
02:05:00.555 [FXGL Background Thread 1 ] DEBUG AssetLoader          - Loading from cache: /assets/textures/rock.png@40.0x40.0
02:05:00.556 [FXGL Background Thread 1 ] DEBUG AssetLoader          - Loading from cache: /assets/textures/grass.png@40.0x40.0
02:05:00.556 [FXGL Background Thread 1 ] DEBUG AssetLoader          - Loading from cache: /assets/textures/rock.png@40.0x40.0
02:05:00.556 [FXGL Background Thread 1 ] DEBUG AssetLoader          - Loading from cache: /assets/textures/brick.png@40.0x40.0
02:05:00.557 [FXGL Background Thread 1 ] DEBUG AssetLoader          - Loading from cache: /assets/textures/rock.png@40.0x40.0
02:05:00.557 [FXGL Background Thread 1 ] DEBUG AssetLoader          - Loading from cache: /assets/textures/grass.png@40.0x40.0
02:05:00.557 [FXGL Background Thread 1 ] DEBUG AssetLoader          - Loading from cache: /assets/textures/rock.png@40.0x40.0
02:05:00.558 [FXGL Background Thread 1 ] DEBUG AssetLoader          - Loading from cache: /assets/textures/grass.png@40.0x40.0
02:05:00.558 [FXGL Background Thread 1 ] DEBUG AssetLoader          - Loading from cache: /assets/textures/rock.png@40.0x40.0
02:05:00.558 [FXGL Background Thread 1 ] DEBUG AssetLoader          - Loading from cache: /assets/textures/grass.png@40.0x40.0
02:05:00.559 [FXGL Background Thread 1 ] DEBUG AssetLoader          - Loading from cache: /assets/textures/rock.png@40.0x40.0
02:05:00.559 [FXGL Background Thread 1 ] DEBUG AssetLoader          - Loading from cache: /assets/textures/grass.png@40.0x40.0
02:05:00.559 [FXGL Background Thread 1 ] DEBUG AssetLoader          - Loading from cache: /assets/textures/rock.png@40.0x40.0
02:05:00.560 [FXGL Background Thread 1 ] DEBUG AssetLoader          - Loading from cache: /assets/textures/brick.png@40.0x40.0
02:05:00.560 [FXGL Background Thread 1 ] DEBUG AssetLoader          - Loading from cache: /assets/textures/rock.png@40.0x40.0
02:05:00.560 [FXGL Background Thread 1 ] DEBUG AssetLoader          - Loading from cache: /assets/textures/grass.png@40.0x40.0
02:05:00.561 [FXGL Background Thread 1 ] DEBUG AssetLoader          - Loading from cache: /assets/textures/rock.png@40.0x40.0
02:05:00.561 [FXGL Background Thread 1 ] DEBUG AssetLoader          - Loading from cache: /assets/textures/rock.png@40.0x40.0
02:05:00.561 [FXGL Background Thread 1 ] DEBUG AssetLoader          - Loading from cache: /assets/textures/grass.png@40.0x40.0
02:05:00.562 [FXGL Background Thread 1 ] DEBUG AssetLoader          - Loading from cache: /assets/textures/enemy.png@40.0x40.0
02:05:00.562 [FXGL Background Thread 1 ] DEBUG AssetLoader          - Loading from cache: /assets/textures/grass.png@40.0x40.0
02:05:00.563 [FXGL Background Thread 1 ] DEBUG AssetLoader          - Loading from cache: /assets/textures/brick.png@40.0x40.0
02:05:00.563 [FXGL Background Thread 1 ] DEBUG AssetLoader          - Loading from cache: /assets/textures/grass.png@40.0x40.0
02:05:00.563 [FXGL Background Thread 1 ] DEBUG AssetLoader          - Loading from cache: /assets/textures/brick.png@40.0x40.0
02:05:00.564 [FXGL Background Thread 1 ] DEBUG AssetLoader          - Loading from cache: /assets/textures/grass.png@40.0x40.0
02:05:00.564 [FXGL Background Thread 1 ] DEBUG AssetLoader          - Loading from cache: /assets/textures/rock.png@40.0x40.0
02:05:00.564 [FXGL Background Thread 1 ] DEBUG AssetLoader          - Loading from cache: /assets/textures/grass.png@40.0x40.0
02:05:00.565 [FXGL Background Thread 1 ] DEBUG AssetLoader          - Loading from cache: /assets/textures/grass.png@40.0x40.0
02:05:00.565 [FXGL Background Thread 1 ] DEBUG AssetLoader          - Loading from cache: /assets/textures/grass.png@40.0x40.0
02:05:00.566 [FXGL Background Thread 1 ] DEBUG AssetLoader          - Loading from cache: /assets/textures/brick.png@40.0x40.0
02:05:00.566 [FXGL Background Thread 1 ] DEBUG AssetLoader          - Loading from cache: /assets/textures/grass.png@40.0x40.0
02:05:00.566 [FXGL Background Thread 1 ] DEBUG AssetLoader          - Loading from cache: /assets/textures/grass.png@40.0x40.0
02:05:00.567 [FXGL Background Thread 1 ] DEBUG AssetLoader          - Loading from cache: /assets/textures/grass.png@40.0x40.0
02:05:00.567 [FXGL Background Thread 1 ] DEBUG AssetLoader          - Loading from cache: /assets/textures/brick.png@40.0x40.0
02:05:00.567 [FXGL Background Thread 1 ] DEBUG AssetLoader          - Loading from cache: /assets/textures/grass.png@40.0x40.0
02:05:00.568 [FXGL Background Thread 1 ] DEBUG AssetLoader          - Loading from cache: /assets/textures/grass.png@40.0x40.0
02:05:00.568 [FXGL Background Thread 1 ] DEBUG AssetLoader          - Loading from cache: /assets/textures/brick.png@40.0x40.0
02:05:00.568 [FXGL Background Thread 1 ] DEBUG AssetLoader          - Loading from cache: /assets/textures/grass.png@40.0x40.0
02:05:00.568 [FXGL Background Thread 1 ] DEBUG AssetLoader          - Loading from cache: /assets/textures/grass.png@40.0x40.0
02:05:00.569 [FXGL Background Thread 1 ] DEBUG AssetLoader          - Loading from cache: /assets/textures/brick.png@40.0x40.0
02:05:00.569 [FXGL Background Thread 1 ] DEBUG AssetLoader          - Loading from cache: /assets/textures/grass.png@40.0x40.0
02:05:00.569 [FXGL Background Thread 1 ] DEBUG AssetLoader          - Loading from cache: /assets/textures/brick.png@40.0x40.0
02:05:00.570 [FXGL Background Thread 1 ] DEBUG AssetLoader          - Loading from cache: /assets/textures/grass.png@40.0x40.0
02:05:00.570 [FXGL Background Thread 1 ] DEBUG AssetLoader          - Loading from cache: /assets/textures/grass.png@40.0x40.0
02:05:00.571 [FXGL Background Thread 1 ] DEBUG AssetLoader          - Loading from cache: /assets/textures/grass.png@40.0x40.0
02:05:00.571 [FXGL Background Thread 1 ] DEBUG AssetLoader          - Loading from cache: /assets/textures/enemy.png@40.0x40.0
02:05:00.572 [FXGL Background Thread 1 ] DEBUG AssetLoader          - Loading from cache: /assets/textures/grass.png@40.0x40.0
02:05:00.572 [FXGL Background Thread 1 ] DEBUG AssetLoader          - Loading from cache: /assets/textures/rock.png@40.0x40.0
02:05:00.573 [FXGL Background Thread 1 ] DEBUG AssetLoader          - Loading from cache: /assets/textures/rock.png@40.0x40.0
02:05:00.573 [FXGL Background Thread 1 ] DEBUG AssetLoader          - Loading from cache: /assets/textures/rock.png@40.0x40.0
02:05:00.573 [FXGL Background Thread 1 ] DEBUG AssetLoader          - Loading from cache: /assets/textures/rock.png@40.0x40.0
02:05:00.574 [FXGL Background Thread 1 ] DEBUG AssetLoader          - Loading from cache: /assets/textures/rock.png@40.0x40.0
02:05:00.574 [FXGL Background Thread 1 ] DEBUG AssetLoader          - Loading from cache: /assets/textures/rock.png@40.0x40.0
02:05:00.574 [FXGL Background Thread 1 ] DEBUG AssetLoader          - Loading from cache: /assets/textures/rock.png@40.0x40.0
02:05:00.575 [FXGL Background Thread 1 ] DEBUG AssetLoader          - Loading from cache: /assets/textures/rock.png@40.0x40.0
02:05:00.575 [FXGL Background Thread 1 ] DEBUG AssetLoader          - Loading from cache: /assets/textures/rock.png@40.0x40.0
02:05:00.576 [FXGL Background Thread 1 ] DEBUG AssetLoader          - Loading from cache: /assets/textures/rock.png@40.0x40.0
02:05:00.576 [FXGL Background Thread 1 ] DEBUG AssetLoader          - Loading from cache: /assets/textures/rock.png@40.0x40.0
02:05:00.576 [FXGL Background Thread 1 ] DEBUG AssetLoader          - Loading from cache: /assets/textures/rock.png@40.0x40.0
02:05:00.577 [FXGL Background Thread 1 ] DEBUG AssetLoader          - Loading from cache: /assets/textures/rock.png@40.0x40.0
02:05:00.577 [FXGL Background Thread 1 ] DEBUG AssetLoader          - Loading from cache: /assets/textures/rock.png@40.0x40.0
02:05:00.577 [FXGL Background Thread 1 ] DEBUG AssetLoader          - Loading from cache: /assets/textures/rock.png@40.0x40.0
02:05:00.578 [FXGL Background Thread 1 ] DEBUG AssetLoader          - Loading from cache: /assets/textures/rock.png@40.0x40.0
02:05:00.578 [FXGL Background Thread 1 ] DEBUG AssetLoader          - Loading from cache: /assets/textures/rock.png@40.0x40.0
02:05:00.579 [FXGL Background Thread 1 ] DEBUG AssetLoader          - Loading from cache: /assets/textures/rock.png@40.0x40.0
02:05:00.579 [FXGL Background Thread 1 ] DEBUG AssetLoader          - Loading from cache: /assets/textures/rock.png@40.0x40.0
02:05:00.579 [FXGL Background Thread 1 ] DEBUG AssetLoader          - Loading from cache: /assets/textures/rock.png@40.0x40.0
02:05:00.579 [FXGL Background Thread 1 ] DEBUG AssetLoader          - Loading from cache: /assets/textures/rock.png@40.0x40.0
02:05:00.580 [FXGL Background Thread 1 ] DEBUG AssetLoader          - Loading from cache: /assets/textures/rock.png@40.0x40.0
02:05:00.580 [FXGL Background Thread 1 ] DEBUG AssetLoader          - Loading from cache: /assets/textures/rock.png@40.0x40.0
02:05:00.580 [FXGL Background Thread 1 ] DEBUG AssetLoader          - Loading from cache: /assets/textures/rock.png@40.0x40.0
02:05:00.581 [FXGL Background Thread 1 ] DEBUG AssetLoader          - Loading from cache: /assets/textures/rock.png@40.0x40.0
02:05:00.581 [FXGL Background Thread 1 ] DEBUG AssetLoader          - Loading from cache: /assets/textures/rock.png@40.0x40.0
02:05:00.582 [FXGL Background Thread 1 ] DEBUG AssetLoader          - Loading from cache: /assets/textures/rock.png@40.0x40.0
02:05:00.582 [FXGL Background Thread 1 ] DEBUG AssetLoader          - Loading from cache: /assets/textures/rock.png@40.0x40.0
02:05:00.582 [FXGL Background Thread 1 ] DEBUG AssetLoader          - Loading from cache: /assets/textures/rock.png@40.0x40.0
02:05:00.582 [FXGL Background Thread 1 ] DEBUG AssetLoader          - Loading from cache: /assets/textures/rock.png@40.0x40.0
02:05:00.583 [FXGL Background Thread 1 ] DEBUG AssetLoader          - Loading from cache: /assets/textures/rock.png@40.0x40.0
02:05:00.583 [FXGL Background Thread 1 ] DEBUG AssetLoader          - Loading from cache: /assets/textures/rock.png@40.0x40.0
02:05:00.584 [FXGL Background Thread 1 ] DEBUG GameWorld            - Clearing removable entities
02:05:00.584 [FXGL Background Thread 1 ] DEBUG GameWorld            - Setting level: com.almasb.fxgl.entity.Level@4c97a8b9
02:05:00.586 [FXGL Background Thread 1 ] DEBUG GameScene            - Creating render group for layer: DEFAULT(100000)
02:05:00.590 [FXGL Background Thread 1 ] DEBUG GameScene            - Creating render group for layer: TOP(2147483647)
02:05:00.604 [FXGL Background Thread 1 ] DEBUG AssetLoader          - Loading from disk: /assets/textures/grass.png
02:05:00.609 [FXGL Background Thread 1 ] DEBUG GameScene            - Creating render group for layer: BACKGROUND(1000)
02:05:00.615 [FXGL Background Thread 1 ] DEBUG AssetLoader          - Loading from disk: /assets/textures/bomber_right.png
02:05:00.622 [FXGL Background Thread 1 ] DEBUG AssetLoader          - Loading from disk: /assets/textures/bomber_back.png
02:05:00.625 [FXGL Background Thread 1 ] DEBUG AssetLoader          - Loading from disk: /assets/textures/bomber_front.png
02:05:00.627 [FXGL Background Thread 1 ] DEBUG AssetLoader          - Loading from cache: /assets/textures/bomber_right.png
02:05:00.627 [FXGL Background Thread 1 ] DEBUG AssetLoader          - Loading from cache: /assets/textures/bomber_back.png
02:05:00.627 [FXGL Background Thread 1 ] DEBUG AssetLoader          - Loading from cache: /assets/textures/bomber_front.png
02:05:00.629 [FXGL Background Thread 1 ] DEBUG InitAppTask          - Initializing Physics
02:05:00.630 [FXGL Background Thread 1 ] DEBUG InitAppTask          - Initializing UI
02:05:00.630 [FXGL Background Thread 1 ] DEBUG InitAppTask          - Initialization Complete
02:05:00.631 [FXGL Background Thread 1 ] INFO  InitAppTask          - Game initialization took: 0.399 sec
02:05:00.649 [JavaFX Application Thread] DEBUG Input                - Clearing active input actions
02:05:00.729 [JavaFX Application Thread] DEBUG AppStateMachine      - LoadingState -> PlayState
02:05:05.837 [JavaFX Application Thread] DEBUG GameApplication      - Exiting game application
02:05:05.837 [JavaFX Application Thread] DEBUG GameApplication      - Shutting down background threads
02:05:05.837 [JavaFX Application Thread] DEBUG GameApplication      - Exiting FXGL
02:05:05.838 [JavaFX Application Thread] DEBUG FXGL                 - Saving FXGL system data
02:05:05.840 [JavaFX Application Thread] DEBUG DesktopFSService     - Writing to: system\fxgl.bundle
02:05:05.846 [JavaFX Application Thread] DEBUG GameApplication      - Closing logger and exiting JavaFX
