02:05:16.694 [JavaFX Application Thread] DEBUG GameApplication      - Logger initialized
02:05:16.699 [JavaFX Application Thread] DEBUG MainWindow           - Creating a JavaFX scene
02:05:16.820 [JavaFX Application Thread] DEBUG MainWindow           - Target settings size: 1240.0 x 520.0
02:05:16.820 [JavaFX Application Thread] DEBUG MainWindow           - Scaled scene size:    1240.0 x 520.0
02:05:16.821 [JavaFX Application Thread] DEBUG MainWindow           - Scaled ratio: (1.0, 1.0)
02:05:16.828 [JavaFX Application Thread] DEBUG GameApplication      - Starting FXGL
02:05:16.833 [JavaFX Application Thread] INFO  FXGL                 - FXGL-0.5.3-SNAPSHOT on DESKTOP
02:05:16.834 [JavaFX Application Thread] INFO  FXGL                 - Source code and latest versions at: https://github.com/AlmasB/FXGL
02:05:16.834 [JavaFX Application Thread] INFO  FXGL                 -              Join the FXGL chat at: https://gitter.im/AlmasB/FXGL
02:05:16.843 [JavaFX Application Thread] DEBUG FS                   - Loaded DesktopFSService
02:05:16.844 [JavaFX Application Thread] DEBUG FXGL                 - Loading FXGL system data
02:05:16.854 [JavaFX Application Thread] DEBUG DesktopFSService     - Reading from: system\fxgl.bundle
02:05:16.867 [JavaFX Application Thread] DEBUG Bundle               - Logging bundle: FXGL
02:05:16.868 [JavaFX Application Thread] DEBUG Bundle               - FXGL.offline.timer.version.check=2018-12-04T00:13:10.649
02:05:16.907 [JavaFX Application Thread] DEBUG GameApplication      - FXGL started
02:05:16.907 [JavaFX Application Thread] DEBUG GameApplication      - Logging game settings
Title: Bomberman
Version: 1.0
Width: 1240
Height: 520
Fullscreen: false
Intro: false
Menus: false
Profiling: false
Single step:false
App Mode: DEVELOPER
Menu Key: ESCAPE
Stage Style: DECORATED
Scene Factory: class com.almasb.fxgl.scene.SceneFactory
Dialog Factory: class com.almasb.fxgl.ui.FXGLDialogFactory
UI Factory: class com.almasb.fxgl.ui.FXGLUIFactory
Notification Service: class com.almasb.fxgl.gameplay.notification.XboxNotificationView
Exception Handler: class com.almasb.fxgl.app.FXGLExceptionHandler
02:05:16.909 [JavaFX Application Thread] DEBUG GameApplication      - Configuring GameApplication
02:05:16.909 [JavaFX Application Thread] DEBUG GameApplication      - Initializing state machine and application states
02:05:16.929 [JavaFX Application Thread] DEBUG AssetLoader          - Loading from disk: /assets/ui/cursors/fxgl_default.png
02:05:16.953 [JavaFX Application Thread] DEBUG AssetLoader          - Loading from disk: /assets/ui/cursors/fxgl_default.png
02:05:16.977 [JavaFX Application Thread] DEBUG FXGLAssets           - Loading FXGLAssets
02:05:17.014 [JavaFX Application Thread] DEBUG AssetLoader          - Loading from disk: /assets/ui/fonts/VarelaRound-Regular.ttf
02:05:17.229 [JavaFX Application Thread] DEBUG AssetLoader          - Loading from disk: /assets/ui/fonts/lucida_console.ttf
02:05:17.249 [JavaFX Application Thread] DEBUG AssetLoader          - Loading from disk: /assets/ui/fonts/Courier-Prime.ttf
02:05:17.266 [JavaFX Application Thread] DEBUG AssetLoader          - Loading from disk: /assets/ui/fonts/Abel-Regular.ttf
02:05:17.279 [JavaFX Application Thread] DEBUG AssetLoader          - Loading from disk: /assets/ui/css/fxgl_dark.css
02:05:17.340 [JavaFX Application Thread] DEBUG AssetLoader          - Loading from disk: /assets/ui/cursors/fxgl_default.png
02:05:17.424 [JavaFX Application Thread] DEBUG AssetLoader          - Loading from disk: /assets/ui/cursors/fxgl_default.png
02:05:17.450 [JavaFX Application Thread] DEBUG GameScene            - Game scene initialized: 1240x520
02:05:17.466 [JavaFX Application Thread] DEBUG GameWorld            - Game world initialized
02:05:17.570 [JavaFX Application Thread] DEBUG PhysicsWorld         - Physics world initialized: appHeight=520, physics.ppm=50.0
02:05:17.616 [JavaFX Application Thread] DEBUG Input                - Registered new binding: Pause - Esc
02:05:17.675 [JavaFX Application Thread] DEBUG Input                - Clearing active input actions
02:05:17.756 [JavaFX Application Thread] DEBUG AppStateMachine      - StartupState -> StartupState
02:05:17.765 [JavaFX Application Thread] INFO  GameApplication      - Game configuration took:  0.857 sec
02:05:17.768 [JavaFX Application Thread] DEBUG AssetLoader          - Loading from disk: /assets/textures/icon (1).png
02:05:17.777 [JavaFX Application Thread] DEBUG MainWindow           - Opening main window
02:05:17.993 [JavaFX Application Thread] DEBUG MainWindow           - Window border size: (4.0, 26.66668701171875)
02:05:17.993 [JavaFX Application Thread] DEBUG MainWindow           - Scaled size: 1240.0 x 520.0
02:05:17.993 [JavaFX Application Thread] DEBUG MainWindow           - Scaled ratio: (1.0, 1.0)
02:05:17.993 [JavaFX Application Thread] DEBUG MainWindow           - Scene size: 1240.0 x 520.0
02:05:17.994 [JavaFX Application Thread] DEBUG MainWindow           - Stage size: 1244.0 x 546.6666870117188
02:05:17.994 [JavaFX Application Thread] DEBUG GameApplication      - Running preInit()
02:05:18.003 [JavaFX Application Thread] DEBUG Input                - Registered new binding: Screenshot - P
02:05:18.003 [JavaFX Application Thread] DEBUG Input                - Registered new binding: Dev Options - CTRL+0
02:05:18.004 [JavaFX Application Thread] DEBUG Input                - Registered new binding: System info dump - CTRL+9
02:05:18.005 [JavaFX Application Thread] DEBUG Input                - Registered new binding: Restart - CTRL+R
02:05:18.005 [JavaFX Application Thread] DEBUG Input                - Registered new binding: Move Up - Up
02:05:18.006 [JavaFX Application Thread] DEBUG Input                - Registered new binding: Move Left - Left
02:05:18.006 [JavaFX Application Thread] DEBUG Input                - Registered new binding: Move Down - Down
02:05:18.007 [JavaFX Application Thread] DEBUG Input                - Registered new binding: Move Right - Right
02:05:18.009 [JavaFX Application Thread] DEBUG Input                - Registered new binding: Place Bomb - Space
02:05:18.100 [JavaFX Application Thread] DEBUG AudioPlayer          - Playing music com.almasb.fxgl.audio.Music@52744265
02:05:18.143 [JavaFX Application Thread] DEBUG GameApplication      - Starting main loop
02:05:18.144 [JavaFX Application Thread] DEBUG StartupState         - STARTUP
02:05:18.145 [JavaFX Application Thread] DEBUG GameApplication      - Starting new game
02:05:18.145 [JavaFX Application Thread] DEBUG Input                - Clearing active input actions
02:05:18.153 [JavaFX Application Thread] DEBUG AppStateMachine      - StartupState -> LoadingState
02:05:18.165 [FXGL Background Thread 1 ] DEBUG InitAppTask          - Clearing previous game
02:05:18.165 [FXGL Background Thread 1 ] DEBUG GameWorld            - Clearing game world
02:05:18.165 [FXGL Background Thread 1 ] DEBUG PhysicsWorld         - Clearing physics world
02:05:18.166 [FXGL Background Thread 1 ] DEBUG GameScene            - Clearing game scene
02:05:18.167 [FXGL Background Thread 1 ] DEBUG InitAppTask          - Initializing Game
02:05:18.201 [FXGL Background Thread 1 ] DEBUG AssetLoader          - Loading from disk: /assets/text/levels/Level1.txt
02:05:18.246 [FXGL Background Thread 1 ] DEBUG AssetLoader          - Loading from disk: /assets/textures/rock.png
02:05:18.254 [FXGL Background Thread 1 ] DEBUG AssetLoader          - Loading from cache: /assets/textures/rock.png@40.0x40.0
02:05:18.255 [FXGL Background Thread 1 ] DEBUG AssetLoader          - Loading from cache: /assets/textures/rock.png@40.0x40.0
02:05:18.256 [FXGL Background Thread 1 ] DEBUG AssetLoader          - Loading from cache: /assets/textures/rock.png@40.0x40.0
02:05:18.257 [FXGL Background Thread 1 ] DEBUG AssetLoader          - Loading from cache: /assets/textures/rock.png@40.0x40.0
02:05:18.259 [FXGL Background Thread 1 ] DEBUG AssetLoader          - Loading from cache: /assets/textures/rock.png@40.0x40.0
02:05:18.261 [FXGL Background Thread 1 ] DEBUG AssetLoader          - Loading from cache: /assets/textures/rock.png@40.0x40.0
02:05:18.263 [FXGL Background Thread 1 ] DEBUG AssetLoader          - Loading from cache: /assets/textures/rock.png@40.0x40.0
02:05:18.264 [FXGL Background Thread 1 ] DEBUG AssetLoader          - Loading from cache: /assets/textures/rock.png@40.0x40.0
02:05:18.265 [FXGL Background Thread 1 ] DEBUG AssetLoader          - Loading from cache: /assets/textures/rock.png@40.0x40.0
02:05:18.266 [FXGL Background Thread 1 ] DEBUG AssetLoader          - Loading from cache: /assets/textures/rock.png@40.0x40.0
02:05:18.266 [FXGL Background Thread 1 ] DEBUG AssetLoader          - Loading from cache: /assets/textures/rock.png@40.0x40.0
02:05:18.267 [FXGL Background Thread 1 ] DEBUG AssetLoader          - Loading from cache: /assets/textures/rock.png@40.0x40.0
02:05:18.280 [FXGL Background Thread 1 ] DEBUG AssetLoader          - Loading from cache: /assets/textures/rock.png@40.0x40.0
02:05:18.283 [FXGL Background Thread 1 ] DEBUG AssetLoader          - Loading from cache: /assets/textures/rock.png@40.0x40.0
02:05:18.286 [FXGL Background Thread 1 ] DEBUG AssetLoader          - Loading from cache: /assets/textures/rock.png@40.0x40.0
02:05:18.288 [FXGL Background Thread 1 ] DEBUG AssetLoader          - Loading from cache: /assets/textures/rock.png@40.0x40.0
02:05:18.291 [FXGL Background Thread 1 ] DEBUG AssetLoader          - Loading from cache: /assets/textures/rock.png@40.0x40.0
02:05:18.294 [FXGL Background Thread 1 ] DEBUG AssetLoader          - Loading from cache: /assets/textures/rock.png@40.0x40.0
02:05:18.296 [FXGL Background Thread 1 ] DEBUG AssetLoader          - Loading from cache: /assets/textures/rock.png@40.0x40.0
02:05:18.297 [FXGL Background Thread 1 ] DEBUG AssetLoader          - Loading from cache: /assets/textures/rock.png@40.0x40.0
02:05:18.298 [FXGL Background Thread 1 ] DEBUG AssetLoader          - Loading from cache: /assets/textures/rock.png@40.0x40.0
02:05:18.299 [FXGL Background Thread 1 ] DEBUG AssetLoader          - Loading from cache: /assets/textures/rock.png@40.0x40.0
02:05:18.300 [FXGL Background Thread 1 ] DEBUG AssetLoader          - Loading from cache: /assets/textures/rock.png@40.0x40.0
02:05:18.301 [FXGL Background Thread 1 ] DEBUG AssetLoader          - Loading from cache: /assets/textures/rock.png@40.0x40.0
02:05:18.302 [FXGL Background Thread 1 ] DEBUG AssetLoader          - Loading from cache: /assets/textures/rock.png@40.0x40.0
02:05:18.303 [FXGL Background Thread 1 ] DEBUG AssetLoader          - Loading from cache: /assets/textures/rock.png@40.0x40.0
02:05:18.304 [FXGL Background Thread 1 ] DEBUG AssetLoader          - Loading from cache: /assets/textures/rock.png@40.0x40.0
02:05:18.305 [FXGL Background Thread 1 ] DEBUG AssetLoader          - Loading from cache: /assets/textures/rock.png@40.0x40.0
02:05:18.306 [FXGL Background Thread 1 ] DEBUG AssetLoader          - Loading from cache: /assets/textures/rock.png@40.0x40.0
02:05:18.307 [FXGL Background Thread 1 ] DEBUG AssetLoader          - Loading from cache: /assets/textures/rock.png@40.0x40.0
02:05:18.307 [FXGL Background Thread 1 ] DEBUG AssetLoader          - Loading from cache: /assets/textures/rock.png@40.0x40.0
02:05:18.308 [FXGL Background Thread 1 ] DEBUG AssetLoader          - Loading from disk: /assets/textures/grass.png
02:05:18.311 [FXGL Background Thread 1 ] DEBUG AssetLoader          - Loading from cache: /assets/textures/grass.png@40.0x40.0
02:05:18.312 [FXGL Background Thread 1 ] DEBUG AssetLoader          - Loading from disk: /assets/textures/brick.png
02:05:18.314 [FXGL Background Thread 1 ] DEBUG AssetLoader          - Loading from cache: /assets/textures/grass.png@40.0x40.0
02:05:18.315 [FXGL Background Thread 1 ] DEBUG AssetLoader          - Loading from cache: /assets/textures/grass.png@40.0x40.0
02:05:18.316 [FXGL Background Thread 1 ] DEBUG AssetLoader          - Loading from cache: /assets/textures/grass.png@40.0x40.0
02:05:18.318 [FXGL Background Thread 1 ] DEBUG AssetLoader          - Loading from cache: /assets/textures/brick.png@40.0x40.0
02:05:18.319 [FXGL Background Thread 1 ] DEBUG AssetLoader          - Loading from cache: /assets/textures/brick.png@40.0x40.0
02:05:18.320 [FXGL Background Thread 1 ] DEBUG AssetLoader          - Loading from cache: /assets/textures/grass.png@40.0x40.0
02:05:18.321 [FXGL Background Thread 1 ] DEBUG AssetLoader          - Loading from cache: /assets/textures/brick.png@40.0x40.0
02:05:18.322 [FXGL Background Thread 1 ] DEBUG AssetLoader          - Loading from cache: /assets/textures/grass.png@40.0x40.0
02:05:18.324 [FXGL Background Thread 1 ] DEBUG AssetLoader          - Loading from cache: /assets/textures/grass.png@40.0x40.0
02:05:18.327 [FXGL Background Thread 1 ] DEBUG AssetLoader          - Loading from disk: /assets/textures/enemy.png
02:05:18.333 [FXGL Background Thread 1 ] DEBUG AssetLoader          - Loading from cache: /assets/textures/grass.png@40.0x40.0
02:05:18.334 [FXGL Background Thread 1 ] DEBUG AssetLoader          - Loading from cache: /assets/textures/brick.png@40.0x40.0
02:05:18.335 [FXGL Background Thread 1 ] DEBUG AssetLoader          - Loading from cache: /assets/textures/grass.png@40.0x40.0
02:05:18.336 [FXGL Background Thread 1 ] DEBUG AssetLoader          - Loading from cache: /assets/textures/grass.png@40.0x40.0
02:05:18.337 [FXGL Background Thread 1 ] DEBUG AssetLoader          - Loading from cache: /assets/textures/grass.png@40.0x40.0
02:05:18.338 [FXGL Background Thread 1 ] DEBUG AssetLoader          - Loading from cache: /assets/textures/brick.png@40.0x40.0
02:05:18.340 [FXGL Background Thread 1 ] DEBUG AssetLoader          - Loading from cache: /assets/textures/grass.png@40.0x40.0
02:05:18.341 [FXGL Background Thread 1 ] DEBUG AssetLoader          - Loading from cache: /assets/textures/grass.png@40.0x40.0
02:05:18.342 [FXGL Background Thread 1 ] DEBUG AssetLoader          - Loading from cache: /assets/textures/brick.png@40.0x40.0
02:05:18.343 [FXGL Background Thread 1 ] DEBUG AssetLoader          - Loading from cache: /assets/textures/grass.png@40.0x40.0
02:05:18.344 [FXGL Background Thread 1 ] DEBUG AssetLoader          - Loading from cache: /assets/textures/brick.png@40.0x40.0
02:05:18.345 [FXGL Background Thread 1 ] DEBUG AssetLoader          - Loading from cache: /assets/textures/grass.png@40.0x40.0
02:05:18.346 [FXGL Background Thread 1 ] DEBUG AssetLoader          - Loading from cache: /assets/textures/brick.png@40.0x40.0
02:05:18.347 [FXGL Background Thread 1 ] DEBUG AssetLoader          - Loading from cache: /assets/textures/grass.png@40.0x40.0
02:05:18.348 [FXGL Background Thread 1 ] DEBUG AssetLoader          - Loading from cache: /assets/textures/grass.png@40.0x40.0
02:05:18.349 [FXGL Background Thread 1 ] DEBUG AssetLoader          - Loading from cache: /assets/textures/grass.png@40.0x40.0
02:05:18.350 [FXGL Background Thread 1 ] DEBUG AssetLoader          - Loading from cache: /assets/textures/rock.png@40.0x40.0
02:05:18.351 [FXGL Background Thread 1 ] DEBUG AssetLoader          - Loading from cache: /assets/textures/rock.png@40.0x40.0
02:05:18.352 [FXGL Background Thread 1 ] DEBUG AssetLoader          - Loading from cache: /assets/textures/grass.png@40.0x40.0
02:05:18.353 [FXGL Background Thread 1 ] DEBUG AssetLoader          - Loading from cache: /assets/textures/rock.png@40.0x40.0
02:05:18.353 [FXGL Background Thread 1 ] DEBUG AssetLoader          - Loading from cache: /assets/textures/grass.png@40.0x40.0
02:05:18.354 [FXGL Background Thread 1 ] DEBUG AssetLoader          - Loading from cache: /assets/textures/rock.png@40.0x40.0
02:05:18.355 [FXGL Background Thread 1 ] DEBUG AssetLoader          - Loading from cache: /assets/textures/brick.png@40.0x40.0
02:05:18.356 [FXGL Background Thread 1 ] DEBUG AssetLoader          - Loading from cache: /assets/textures/rock.png@40.0x40.0
02:05:18.357 [FXGL Background Thread 1 ] DEBUG AssetLoader          - Loading from cache: /assets/textures/brick.png@40.0x40.0
02:05:18.357 [FXGL Background Thread 1 ] DEBUG AssetLoader          - Loading from cache: /assets/textures/rock.png@40.0x40.0
02:05:18.358 [FXGL Background Thread 1 ] DEBUG AssetLoader          - Loading from cache: /assets/textures/grass.png@40.0x40.0
02:05:18.359 [FXGL Background Thread 1 ] DEBUG AssetLoader          - Loading from cache: /assets/textures/rock.png@40.0x40.0
02:05:18.359 [FXGL Background Thread 1 ] DEBUG AssetLoader          - Loading from cache: /assets/textures/grass.png@40.0x40.0
02:05:18.360 [FXGL Background Thread 1 ] DEBUG AssetLoader          - Loading from cache: /assets/textures/rock.png@40.0x40.0
02:05:18.361 [FXGL Background Thread 1 ] DEBUG AssetLoader          - Loading from cache: /assets/textures/grass.png@40.0x40.0
02:05:18.362 [FXGL Background Thread 1 ] DEBUG AssetLoader          - Loading from cache: /assets/textures/rock.png@40.0x40.0
02:05:18.363 [FXGL Background Thread 1 ] DEBUG AssetLoader          - Loading from cache: /assets/textures/brick.png@40.0x40.0
02:05:18.364 [FXGL Background Thread 1 ] DEBUG AssetLoader          - Loading from cache: /assets/textures/rock.png@40.0x40.0
02:05:18.365 [FXGL Background Thread 1 ] DEBUG AssetLoader          - Loading from cache: /assets/textures/grass.png@40.0x40.0
02:05:18.366 [FXGL Background Thread 1 ] DEBUG AssetLoader          - Loading from cache: /assets/textures/rock.png@40.0x40.0
02:05:18.367 [FXGL Background Thread 1 ] DEBUG AssetLoader          - Loading from cache: /assets/textures/grass.png@40.0x40.0
02:05:18.367 [FXGL Background Thread 1 ] DEBUG AssetLoader          - Loading from cache: /assets/textures/rock.png@40.0x40.0
02:05:18.368 [FXGL Background Thread 1 ] DEBUG AssetLoader          - Loading from cache: /assets/textures/grass.png@40.0x40.0
02:05:18.369 [FXGL Background Thread 1 ] DEBUG AssetLoader          - Loading from cache: /assets/textures/rock.png@40.0x40.0
02:05:18.370 [FXGL Background Thread 1 ] DEBUG AssetLoader          - Loading from cache: /assets/textures/brick.png@40.0x40.0
02:05:18.371 [FXGL Background Thread 1 ] DEBUG AssetLoader          - Loading from cache: /assets/textures/rock.png@40.0x40.0
02:05:18.372 [FXGL Background Thread 1 ] DEBUG AssetLoader          - Loading from cache: /assets/textures/brick.png@40.0x40.0
02:05:18.372 [FXGL Background Thread 1 ] DEBUG AssetLoader          - Loading from cache: /assets/textures/rock.png@40.0x40.0
02:05:18.373 [FXGL Background Thread 1 ] DEBUG AssetLoader          - Loading from cache: /assets/textures/brick.png@40.0x40.0
02:05:18.374 [FXGL Background Thread 1 ] DEBUG AssetLoader          - Loading from cache: /assets/textures/rock.png@40.0x40.0
02:05:18.375 [FXGL Background Thread 1 ] DEBUG AssetLoader          - Loading from cache: /assets/textures/grass.png@40.0x40.0
02:05:18.375 [FXGL Background Thread 1 ] DEBUG AssetLoader          - Loading from cache: /assets/textures/rock.png@40.0x40.0
02:05:18.376 [FXGL Background Thread 1 ] DEBUG AssetLoader          - Loading from cache: /assets/textures/rock.png@40.0x40.0
02:05:18.377 [FXGL Background Thread 1 ] DEBUG AssetLoader          - Loading from cache: /assets/textures/grass.png@40.0x40.0
02:05:18.378 [FXGL Background Thread 1 ] DEBUG AssetLoader          - Loading from cache: /assets/textures/brick.png@40.0x40.0
02:05:18.379 [FXGL Background Thread 1 ] DEBUG AssetLoader          - Loading from cache: /assets/textures/grass.png@40.0x40.0
02:05:18.380 [FXGL Background Thread 1 ] DEBUG AssetLoader          - Loading from cache: /assets/textures/brick.png@40.0x40.0
02:05:18.381 [FXGL Background Thread 1 ] DEBUG AssetLoader          - Loading from cache: /assets/textures/grass.png@40.0x40.0
02:05:18.382 [FXGL Background Thread 1 ] DEBUG AssetLoader          - Loading from cache: /assets/textures/grass.png@40.0x40.0
02:05:18.383 [FXGL Background Thread 1 ] DEBUG AssetLoader          - Loading from cache: /assets/textures/grass.png@40.0x40.0
02:05:18.384 [FXGL Background Thread 1 ] DEBUG AssetLoader          - Loading from cache: /assets/textures/brick.png@40.0x40.0
02:05:18.385 [FXGL Background Thread 1 ] DEBUG AssetLoader          - Loading from cache: /assets/textures/grass.png@40.0x40.0
02:05:18.386 [FXGL Background Thread 1 ] DEBUG AssetLoader          - Loading from cache: /assets/textures/grass.png@40.0x40.0
02:05:18.387 [FXGL Background Thread 1 ] DEBUG AssetLoader          - Loading from cache: /assets/textures/brick.png@40.0x40.0
02:05:18.388 [FXGL Background Thread 1 ] DEBUG AssetLoader          - Loading from cache: /assets/textures/brick.png@40.0x40.0
02:05:18.389 [FXGL Background Thread 1 ] DEBUG AssetLoader          - Loading from cache: /assets/textures/brick.png@40.0x40.0
02:05:18.390 [FXGL Background Thread 1 ] DEBUG AssetLoader          - Loading from cache: /assets/textures/grass.png@40.0x40.0
02:05:18.390 [FXGL Background Thread 1 ] DEBUG AssetLoader          - Loading from cache: /assets/textures/brick.png@40.0x40.0
02:05:18.391 [FXGL Background Thread 1 ] DEBUG AssetLoader          - Loading from cache: /assets/textures/grass.png@40.0x40.0
02:05:18.392 [FXGL Background Thread 1 ] DEBUG AssetLoader          - Loading from cache: /assets/textures/grass.png@40.0x40.0
02:05:18.392 [FXGL Background Thread 1 ] DEBUG AssetLoader          - Loading from cache: /assets/textures/grass.png@40.0x40.0
02:05:18.393 [FXGL Background Thread 1 ] DEBUG AssetLoader          - Loading from cache: /assets/textures/grass.png@40.0x40.0
02:05:18.393 [FXGL Background Thread 1 ] DEBUG AssetLoader          - Loading from cache: /assets/textures/grass.png@40.0x40.0
02:05:18.394 [FXGL Background Thread 1 ] DEBUG AssetLoader          - Loading from cache: /assets/textures/grass.png@40.0x40.0
02:05:18.394 [FXGL Background Thread 1 ] DEBUG AssetLoader          - Loading from cache: /assets/textures/brick.png@40.0x40.0
02:05:18.395 [FXGL Background Thread 1 ] DEBUG AssetLoader          - Loading from cache: /assets/textures/brick.png@40.0x40.0
02:05:18.396 [FXGL Background Thread 1 ] DEBUG AssetLoader          - Loading from cache: /assets/textures/grass.png@40.0x40.0
02:05:18.396 [FXGL Background Thread 1 ] DEBUG AssetLoader          - Loading from cache: /assets/textures/grass.png@40.0x40.0
02:05:18.397 [FXGL Background Thread 1 ] DEBUG AssetLoader          - Loading from cache: /assets/textures/brick.png@40.0x40.0
02:05:18.398 [FXGL Background Thread 1 ] DEBUG AssetLoader          - Loading from cache: /assets/textures/grass.png@40.0x40.0
02:05:18.399 [FXGL Background Thread 1 ] DEBUG AssetLoader          - Loading from cache: /assets/textures/brick.png@40.0x40.0
02:05:18.400 [FXGL Background Thread 1 ] DEBUG AssetLoader          - Loading from cache: /assets/textures/grass.png@40.0x40.0
02:05:18.400 [FXGL Background Thread 1 ] DEBUG AssetLoader          - Loading from cache: /assets/textures/rock.png@40.0x40.0
02:05:18.401 [FXGL Background Thread 1 ] DEBUG AssetLoader          - Loading from cache: /assets/textures/rock.png@40.0x40.0
02:05:18.402 [FXGL Background Thread 1 ] DEBUG AssetLoader          - Loading from cache: /assets/textures/grass.png@40.0x40.0
02:05:18.402 [FXGL Background Thread 1 ] DEBUG AssetLoader          - Loading from cache: /assets/textures/brick.png@40.0x40.0
02:05:18.403 [FXGL Background Thread 1 ] DEBUG AssetLoader          - Loading from cache: /assets/textures/grass.png@40.0x40.0
02:05:18.404 [FXGL Background Thread 1 ] DEBUG AssetLoader          - Loading from cache: /assets/textures/rock.png@40.0x40.0
02:05:18.404 [FXGL Background Thread 1 ] DEBUG AssetLoader          - Loading from cache: /assets/textures/brick.png@40.0x40.0
02:05:18.405 [FXGL Background Thread 1 ] DEBUG AssetLoader          - Loading from cache: /assets/textures/rock.png@40.0x40.0
02:05:18.406 [FXGL Background Thread 1 ] DEBUG AssetLoader          - Loading from cache: /assets/textures/grass.png@40.0x40.0
02:05:18.406 [FXGL Background Thread 1 ] DEBUG AssetLoader          - Loading from cache: /assets/textures/rock.png@40.0x40.0
02:05:18.407 [FXGL Background Thread 1 ] DEBUG AssetLoader          - Loading from cache: /assets/textures/grass.png@40.0x40.0
02:05:18.408 [FXGL Background Thread 1 ] DEBUG AssetLoader          - Loading from cache: /assets/textures/rock.png@40.0x40.0
02:05:18.409 [FXGL Background Thread 1 ] DEBUG AssetLoader          - Loading from cache: /assets/textures/brick.png@40.0x40.0
02:05:18.410 [FXGL Background Thread 1 ] DEBUG AssetLoader          - Loading from cache: /assets/textures/rock.png@40.0x40.0
02:05:18.410 [FXGL Background Thread 1 ] DEBUG AssetLoader          - Loading from cache: /assets/textures/grass.png@40.0x40.0
02:05:18.411 [FXGL Background Thread 1 ] DEBUG AssetLoader          - Loading from cache: /assets/textures/rock.png@40.0x40.0
02:05:18.412 [FXGL Background Thread 1 ] DEBUG AssetLoader          - Loading from cache: /assets/textures/grass.png@40.0x40.0
02:05:18.412 [FXGL Background Thread 1 ] DEBUG AssetLoader          - Loading from cache: /assets/textures/rock.png@40.0x40.0
02:05:18.413 [FXGL Background Thread 1 ] DEBUG AssetLoader          - Loading from cache: /assets/textures/brick.png@40.0x40.0
02:05:18.413 [FXGL Background Thread 1 ] DEBUG AssetLoader          - Loading from cache: /assets/textures/rock.png@40.0x40.0
02:05:18.414 [FXGL Background Thread 1 ] DEBUG AssetLoader          - Loading from cache: /assets/textures/brick.png@40.0x40.0
02:05:18.415 [FXGL Background Thread 1 ] DEBUG AssetLoader          - Loading from cache: /assets/textures/rock.png@40.0x40.0
02:05:18.415 [FXGL Background Thread 1 ] DEBUG AssetLoader          - Loading from cache: /assets/textures/grass.png@40.0x40.0
02:05:18.416 [FXGL Background Thread 1 ] DEBUG AssetLoader          - Loading from cache: /assets/textures/rock.png@40.0x40.0
02:05:18.416 [FXGL Background Thread 1 ] DEBUG AssetLoader          - Loading from cache: /assets/textures/grass.png@40.0x40.0
02:05:18.417 [FXGL Background Thread 1 ] DEBUG AssetLoader          - Loading from cache: /assets/textures/rock.png@40.0x40.0
02:05:18.417 [FXGL Background Thread 1 ] DEBUG AssetLoader          - Loading from cache: /assets/textures/grass.png@40.0x40.0
02:05:18.418 [FXGL Background Thread 1 ] DEBUG AssetLoader          - Loading from cache: /assets/textures/rock.png@40.0x40.0
02:05:18.419 [FXGL Background Thread 1 ] DEBUG AssetLoader          - Loading from cache: /assets/textures/grass.png@40.0x40.0
02:05:18.421 [FXGL Background Thread 1 ] DEBUG AssetLoader          - Loading from cache: /assets/textures/rock.png@40.0x40.0
02:05:18.421 [FXGL Background Thread 1 ] DEBUG AssetLoader          - Loading from cache: /assets/textures/brick.png@40.0x40.0
02:05:18.422 [FXGL Background Thread 1 ] DEBUG AssetLoader          - Loading from cache: /assets/textures/rock.png@40.0x40.0
02:05:18.422 [FXGL Background Thread 1 ] DEBUG AssetLoader          - Loading from cache: /assets/textures/rock.png@40.0x40.0
02:05:18.423 [FXGL Background Thread 1 ] DEBUG AssetLoader          - Loading from cache: /assets/textures/grass.png@40.0x40.0
02:05:18.423 [FXGL Background Thread 1 ] DEBUG AssetLoader          - Loading from cache: /assets/textures/brick.png@40.0x40.0
02:05:18.423 [FXGL Background Thread 1 ] DEBUG AssetLoader          - Loading from cache: /assets/textures/grass.png@40.0x40.0
02:05:18.424 [FXGL Background Thread 1 ] DEBUG AssetLoader          - Loading from cache: /assets/textures/rock.png@40.0x40.0
02:05:18.426 [FXGL Background Thread 1 ] DEBUG AssetLoader          - Loading from cache: /assets/textures/grass.png@40.0x40.0
02:05:18.426 [FXGL Background Thread 1 ] DEBUG AssetLoader          - Loading from cache: /assets/textures/grass.png@40.0x40.0
02:05:18.427 [FXGL Background Thread 1 ] DEBUG AssetLoader          - Loading from cache: /assets/textures/enemy.png@40.0x40.0
02:05:18.427 [FXGL Background Thread 1 ] DEBUG AssetLoader          - Loading from cache: /assets/textures/grass.png@40.0x40.0
02:05:18.428 [FXGL Background Thread 1 ] DEBUG AssetLoader          - Loading from cache: /assets/textures/grass.png@40.0x40.0
02:05:18.428 [FXGL Background Thread 1 ] DEBUG AssetLoader          - Loading from cache: /assets/textures/grass.png@40.0x40.0
02:05:18.429 [FXGL Background Thread 1 ] DEBUG AssetLoader          - Loading from cache: /assets/textures/grass.png@40.0x40.0
02:05:18.430 [FXGL Background Thread 1 ] DEBUG AssetLoader          - Loading from cache: /assets/textures/grass.png@40.0x40.0
02:05:18.430 [FXGL Background Thread 1 ] DEBUG AssetLoader          - Loading from cache: /assets/textures/brick.png@40.0x40.0
02:05:18.431 [FXGL Background Thread 1 ] DEBUG AssetLoader          - Loading from cache: /assets/textures/brick.png@40.0x40.0
02:05:18.431 [FXGL Background Thread 1 ] DEBUG AssetLoader          - Loading from cache: /assets/textures/grass.png@40.0x40.0
02:05:18.432 [FXGL Background Thread 1 ] DEBUG AssetLoader          - Loading from cache: /assets/textures/grass.png@40.0x40.0
02:05:18.432 [FXGL Background Thread 1 ] DEBUG AssetLoader          - Loading from cache: /assets/textures/brick.png@40.0x40.0
02:05:18.433 [FXGL Background Thread 1 ] DEBUG AssetLoader          - Loading from cache: /assets/textures/grass.png@40.0x40.0
02:05:18.433 [FXGL Background Thread 1 ] DEBUG AssetLoader          - Loading from cache: /assets/textures/grass.png@40.0x40.0
02:05:18.434 [FXGL Background Thread 1 ] DEBUG AssetLoader          - Loading from cache: /assets/textures/brick.png@40.0x40.0
02:05:18.434 [FXGL Background Thread 1 ] DEBUG AssetLoader          - Loading from cache: /assets/textures/grass.png@40.0x40.0
02:05:18.435 [FXGL Background Thread 1 ] DEBUG AssetLoader          - Loading from cache: /assets/textures/grass.png@40.0x40.0
02:05:18.435 [FXGL Background Thread 1 ] DEBUG AssetLoader          - Loading from cache: /assets/textures/grass.png@40.0x40.0
02:05:18.435 [FXGL Background Thread 1 ] DEBUG AssetLoader          - Loading from cache: /assets/textures/brick.png@40.0x40.0
02:05:18.436 [FXGL Background Thread 1 ] DEBUG AssetLoader          - Loading from cache: /assets/textures/grass.png@40.0x40.0
02:05:18.436 [FXGL Background Thread 1 ] DEBUG AssetLoader          - Loading from cache: /assets/textures/grass.png@40.0x40.0
02:05:18.437 [FXGL Background Thread 1 ] DEBUG AssetLoader          - Loading from cache: /assets/textures/enemy.png@40.0x40.0
02:05:18.438 [FXGL Background Thread 1 ] DEBUG AssetLoader          - Loading from cache: /assets/textures/grass.png@40.0x40.0
02:05:18.438 [FXGL Background Thread 1 ] DEBUG AssetLoader          - Loading from cache: /assets/textures/grass.png@40.0x40.0
02:05:18.439 [FXGL Background Thread 1 ] DEBUG AssetLoader          - Loading from cache: /assets/textures/rock.png@40.0x40.0
02:05:18.439 [FXGL Background Thread 1 ] DEBUG AssetLoader          - Loading from cache: /assets/textures/rock.png@40.0x40.0
02:05:18.440 [FXGL Background Thread 1 ] DEBUG AssetLoader          - Loading from cache: /assets/textures/grass.png@40.0x40.0
02:05:18.440 [FXGL Background Thread 1 ] DEBUG AssetLoader          - Loading from cache: /assets/textures/rock.png@40.0x40.0
02:05:18.441 [FXGL Background Thread 1 ] DEBUG AssetLoader          - Loading from cache: /assets/textures/grass.png@40.0x40.0
02:05:18.442 [FXGL Background Thread 1 ] DEBUG AssetLoader          - Loading from cache: /assets/textures/rock.png@40.0x40.0
02:05:18.442 [FXGL Background Thread 1 ] DEBUG AssetLoader          - Loading from cache: /assets/textures/grass.png@40.0x40.0
02:05:18.443 [FXGL Background Thread 1 ] DEBUG AssetLoader          - Loading from cache: /assets/textures/rock.png@40.0x40.0
02:05:18.444 [FXGL Background Thread 1 ] DEBUG AssetLoader          - Loading from cache: /assets/textures/grass.png@40.0x40.0
02:05:18.444 [FXGL Background Thread 1 ] DEBUG AssetLoader          - Loading from cache: /assets/textures/rock.png@40.0x40.0
02:05:18.444 [FXGL Background Thread 1 ] DEBUG AssetLoader          - Loading from cache: /assets/textures/grass.png@40.0x40.0
02:05:18.445 [FXGL Background Thread 1 ] DEBUG AssetLoader          - Loading from cache: /assets/textures/rock.png@40.0x40.0
02:05:18.445 [FXGL Background Thread 1 ] DEBUG AssetLoader          - Loading from cache: /assets/textures/grass.png@40.0x40.0
02:05:18.446 [FXGL Background Thread 1 ] DEBUG AssetLoader          - Loading from cache: /assets/textures/rock.png@40.0x40.0
02:05:18.446 [FXGL Background Thread 1 ] DEBUG AssetLoader          - Loading from cache: /assets/textures/grass.png@40.0x40.0
02:05:18.447 [FXGL Background Thread 1 ] DEBUG AssetLoader          - Loading from cache: /assets/textures/rock.png@40.0x40.0
02:05:18.448 [FXGL Background Thread 1 ] DEBUG AssetLoader          - Loading from cache: /assets/textures/grass.png@40.0x40.0
02:05:18.448 [FXGL Background Thread 1 ] DEBUG AssetLoader          - Loading from cache: /assets/textures/rock.png@40.0x40.0
02:05:18.449 [FXGL Background Thread 1 ] DEBUG AssetLoader          - Loading from cache: /assets/textures/grass.png@40.0x40.0
02:05:18.449 [FXGL Background Thread 1 ] DEBUG AssetLoader          - Loading from cache: /assets/textures/rock.png@40.0x40.0
02:05:18.450 [FXGL Background Thread 1 ] DEBUG AssetLoader          - Loading from cache: /assets/textures/brick.png@40.0x40.0
02:05:18.450 [FXGL Background Thread 1 ] DEBUG AssetLoader          - Loading from cache: /assets/textures/rock.png@40.0x40.0
02:05:18.451 [FXGL Background Thread 1 ] DEBUG AssetLoader          - Loading from cache: /assets/textures/grass.png@40.0x40.0
02:05:18.452 [FXGL Background Thread 1 ] DEBUG AssetLoader          - Loading from cache: /assets/textures/rock.png@40.0x40.0
02:05:18.452 [FXGL Background Thread 1 ] DEBUG AssetLoader          - Loading from cache: /assets/textures/brick.png@40.0x40.0
02:05:18.453 [FXGL Background Thread 1 ] DEBUG AssetLoader          - Loading from cache: /assets/textures/rock.png@40.0x40.0
02:05:18.454 [FXGL Background Thread 1 ] DEBUG AssetLoader          - Loading from cache: /assets/textures/grass.png@40.0x40.0
02:05:18.454 [FXGL Background Thread 1 ] DEBUG AssetLoader          - Loading from cache: /assets/textures/rock.png@40.0x40.0
02:05:18.455 [FXGL Background Thread 1 ] DEBUG AssetLoader          - Loading from cache: /assets/textures/grass.png@40.0x40.0
02:05:18.455 [FXGL Background Thread 1 ] DEBUG AssetLoader          - Loading from cache: /assets/textures/rock.png@40.0x40.0
02:05:18.456 [FXGL Background Thread 1 ] DEBUG AssetLoader          - Loading from cache: /assets/textures/grass.png@40.0x40.0
02:05:18.456 [FXGL Background Thread 1 ] DEBUG AssetLoader          - Loading from cache: /assets/textures/rock.png@40.0x40.0
02:05:18.457 [FXGL Background Thread 1 ] DEBUG AssetLoader          - Loading from cache: /assets/textures/rock.png@40.0x40.0
02:05:18.457 [FXGL Background Thread 1 ] DEBUG AssetLoader          - Loading from cache: /assets/textures/brick.png@40.0x40.0
02:05:18.457 [FXGL Background Thread 1 ] DEBUG AssetLoader          - Loading from cache: /assets/textures/grass.png@40.0x40.0
02:05:18.457 [FXGL Background Thread 1 ] DEBUG AssetLoader          - Loading from cache: /assets/textures/brick.png@40.0x40.0
02:05:18.458 [FXGL Background Thread 1 ] DEBUG AssetLoader          - Loading from cache: /assets/textures/grass.png@40.0x40.0
02:05:18.458 [FXGL Background Thread 1 ] DEBUG AssetLoader          - Loading from cache: /assets/textures/brick.png@40.0x40.0
02:05:18.458 [FXGL Background Thread 1 ] DEBUG AssetLoader          - Loading from cache: /assets/textures/grass.png@40.0x40.0
02:05:18.459 [FXGL Background Thread 1 ] DEBUG AssetLoader          - Loading from cache: /assets/textures/grass.png@40.0x40.0
02:05:18.459 [FXGL Background Thread 1 ] DEBUG AssetLoader          - Loading from cache: /assets/textures/rock.png@40.0x40.0
02:05:18.459 [FXGL Background Thread 1 ] DEBUG AssetLoader          - Loading from cache: /assets/textures/grass.png@40.0x40.0
02:05:18.460 [FXGL Background Thread 1 ] DEBUG AssetLoader          - Loading from cache: /assets/textures/grass.png@40.0x40.0
02:05:18.460 [FXGL Background Thread 1 ] DEBUG AssetLoader          - Loading from cache: /assets/textures/brick.png@40.0x40.0
02:05:18.461 [FXGL Background Thread 1 ] DEBUG AssetLoader          - Loading from cache: /assets/textures/grass.png@40.0x40.0
02:05:18.461 [FXGL Background Thread 1 ] DEBUG AssetLoader          - Loading from cache: /assets/textures/grass.png@40.0x40.0
02:05:18.461 [FXGL Background Thread 1 ] DEBUG AssetLoader          - Loading from cache: /assets/textures/brick.png@40.0x40.0
02:05:18.462 [FXGL Background Thread 1 ] DEBUG AssetLoader          - Loading from cache: /assets/textures/grass.png@40.0x40.0
02:05:18.462 [FXGL Background Thread 1 ] DEBUG AssetLoader          - Loading from cache: /assets/textures/grass.png@40.0x40.0
02:05:18.462 [FXGL Background Thread 1 ] DEBUG AssetLoader          - Loading from cache: /assets/textures/grass.png@40.0x40.0
02:05:18.462 [FXGL Background Thread 1 ] DEBUG AssetLoader          - Loading from cache: /assets/textures/grass.png@40.0x40.0
02:05:18.463 [FXGL Background Thread 1 ] DEBUG AssetLoader          - Loading from cache: /assets/textures/grass.png@40.0x40.0
02:05:18.463 [FXGL Background Thread 1 ] DEBUG AssetLoader          - Loading from cache: /assets/textures/grass.png@40.0x40.0
02:05:18.464 [FXGL Background Thread 1 ] DEBUG AssetLoader          - Loading from cache: /assets/textures/brick.png@40.0x40.0
02:05:18.464 [FXGL Background Thread 1 ] DEBUG AssetLoader          - Loading from cache: /assets/textures/grass.png@40.0x40.0
02:05:18.464 [FXGL Background Thread 1 ] DEBUG AssetLoader          - Loading from cache: /assets/textures/grass.png@40.0x40.0
02:05:18.465 [FXGL Background Thread 1 ] DEBUG AssetLoader          - Loading from cache: /assets/textures/grass.png@40.0x40.0
02:05:18.465 [FXGL Background Thread 1 ] DEBUG AssetLoader          - Loading from cache: /assets/textures/grass.png@40.0x40.0
02:05:18.465 [FXGL Background Thread 1 ] DEBUG AssetLoader          - Loading from cache: /assets/textures/grass.png@40.0x40.0
02:05:18.466 [FXGL Background Thread 1 ] DEBUG AssetLoader          - Loading from cache: /assets/textures/grass.png@40.0x40.0
02:05:18.466 [FXGL Background Thread 1 ] DEBUG AssetLoader          - Loading from cache: /assets/textures/grass.png@40.0x40.0
02:05:18.466 [FXGL Background Thread 1 ] DEBUG AssetLoader          - Loading from cache: /assets/textures/grass.png@40.0x40.0
02:05:18.467 [FXGL Background Thread 1 ] DEBUG AssetLoader          - Loading from cache: /assets/textures/rock.png@40.0x40.0
02:05:18.467 [FXGL Background Thread 1 ] DEBUG AssetLoader          - Loading from cache: /assets/textures/rock.png@40.0x40.0
02:05:18.467 [FXGL Background Thread 1 ] DEBUG AssetLoader          - Loading from cache: /assets/textures/grass.png@40.0x40.0
02:05:18.468 [FXGL Background Thread 1 ] DEBUG AssetLoader          - Loading from cache: /assets/textures/rock.png@40.0x40.0
02:05:18.468 [FXGL Background Thread 1 ] DEBUG AssetLoader          - Loading from cache: /assets/textures/grass.png@40.0x40.0
02:05:18.468 [FXGL Background Thread 1 ] DEBUG AssetLoader          - Loading from cache: /assets/textures/rock.png@40.0x40.0
02:05:18.469 [FXGL Background Thread 1 ] DEBUG AssetLoader          - Loading from cache: /assets/textures/grass.png@40.0x40.0
02:05:18.469 [FXGL Background Thread 1 ] DEBUG AssetLoader          - Loading from cache: /assets/textures/rock.png@40.0x40.0
02:05:18.469 [FXGL Background Thread 1 ] DEBUG AssetLoader          - Loading from cache: /assets/textures/grass.png@40.0x40.0
02:05:18.470 [FXGL Background Thread 1 ] DEBUG AssetLoader          - Loading from cache: /assets/textures/rock.png@40.0x40.0
02:05:18.470 [FXGL Background Thread 1 ] DEBUG AssetLoader          - Loading from cache: /assets/textures/brick.png@40.0x40.0
02:05:18.471 [FXGL Background Thread 1 ] DEBUG AssetLoader          - Loading from cache: /assets/textures/rock.png@40.0x40.0
02:05:18.472 [FXGL Background Thread 1 ] DEBUG AssetLoader          - Loading from cache: /assets/textures/grass.png@40.0x40.0
02:05:18.474 [FXGL Background Thread 1 ] DEBUG AssetLoader          - Loading from cache: /assets/textures/rock.png@40.0x40.0
02:05:18.474 [FXGL Background Thread 1 ] DEBUG AssetLoader          - Loading from cache: /assets/textures/grass.png@40.0x40.0
02:05:18.475 [FXGL Background Thread 1 ] DEBUG AssetLoader          - Loading from cache: /assets/textures/rock.png@40.0x40.0
02:05:18.476 [FXGL Background Thread 1 ] DEBUG AssetLoader          - Loading from cache: /assets/textures/grass.png@40.0x40.0
02:05:18.476 [FXGL Background Thread 1 ] DEBUG AssetLoader          - Loading from cache: /assets/textures/rock.png@40.0x40.0
02:05:18.476 [FXGL Background Thread 1 ] DEBUG AssetLoader          - Loading from cache: /assets/textures/brick.png@40.0x40.0
02:05:18.477 [FXGL Background Thread 1 ] DEBUG AssetLoader          - Loading from cache: /assets/textures/rock.png@40.0x40.0
02:05:18.477 [FXGL Background Thread 1 ] DEBUG AssetLoader          - Loading from cache: /assets/textures/brick.png@40.0x40.0
02:05:18.477 [FXGL Background Thread 1 ] DEBUG AssetLoader          - Loading from cache: /assets/textures/rock.png@40.0x40.0
02:05:18.478 [FXGL Background Thread 1 ] DEBUG AssetLoader          - Loading from cache: /assets/textures/grass.png@40.0x40.0
02:05:18.478 [FXGL Background Thread 1 ] DEBUG AssetLoader          - Loading from cache: /assets/textures/rock.png@40.0x40.0
02:05:18.478 [FXGL Background Thread 1 ] DEBUG AssetLoader          - Loading from cache: /assets/textures/grass.png@40.0x40.0
02:05:18.478 [FXGL Background Thread 1 ] DEBUG AssetLoader          - Loading from cache: /assets/textures/rock.png@40.0x40.0
02:05:18.479 [FXGL Background Thread 1 ] DEBUG AssetLoader          - Loading from cache: /assets/textures/grass.png@40.0x40.0
02:05:18.479 [FXGL Background Thread 1 ] DEBUG AssetLoader          - Loading from cache: /assets/textures/rock.png@40.0x40.0
02:05:18.479 [FXGL Background Thread 1 ] DEBUG AssetLoader          - Loading from cache: /assets/textures/grass.png@40.0x40.0
02:05:18.480 [FXGL Background Thread 1 ] DEBUG AssetLoader          - Loading from cache: /assets/textures/rock.png@40.0x40.0
02:05:18.480 [FXGL Background Thread 1 ] DEBUG AssetLoader          - Loading from cache: /assets/textures/grass.png@40.0x40.0
02:05:18.480 [FXGL Background Thread 1 ] DEBUG AssetLoader          - Loading from cache: /assets/textures/rock.png@40.0x40.0
02:05:18.480 [FXGL Background Thread 1 ] DEBUG AssetLoader          - Loading from cache: /assets/textures/rock.png@40.0x40.0
02:05:18.481 [FXGL Background Thread 1 ] DEBUG AssetLoader          - Loading from cache: /assets/textures/brick.png@40.0x40.0
02:05:18.481 [FXGL Background Thread 1 ] DEBUG AssetLoader          - Loading from cache: /assets/textures/grass.png@40.0x40.0
02:05:18.481 [FXGL Background Thread 1 ] DEBUG AssetLoader          - Loading from cache: /assets/textures/grass.png@40.0x40.0
02:05:18.481 [FXGL Background Thread 1 ] DEBUG AssetLoader          - Loading from cache: /assets/textures/grass.png@40.0x40.0
02:05:18.482 [FXGL Background Thread 1 ] DEBUG AssetLoader          - Loading from cache: /assets/textures/grass.png@40.0x40.0
02:05:18.482 [FXGL Background Thread 1 ] DEBUG AssetLoader          - Loading from cache: /assets/textures/brick.png@40.0x40.0
02:05:18.482 [FXGL Background Thread 1 ] DEBUG AssetLoader          - Loading from cache: /assets/textures/brick.png@40.0x40.0
02:05:18.483 [FXGL Background Thread 1 ] DEBUG AssetLoader          - Loading from cache: /assets/textures/grass.png@40.0x40.0
02:05:18.483 [FXGL Background Thread 1 ] DEBUG AssetLoader          - Loading from cache: /assets/textures/grass.png@40.0x40.0
02:05:18.483 [FXGL Background Thread 1 ] DEBUG AssetLoader          - Loading from cache: /assets/textures/brick.png@40.0x40.0
02:05:18.483 [FXGL Background Thread 1 ] DEBUG AssetLoader          - Loading from cache: /assets/textures/grass.png@40.0x40.0
02:05:18.484 [FXGL Background Thread 1 ] DEBUG AssetLoader          - Loading from cache: /assets/textures/grass.png@40.0x40.0
02:05:18.484 [FXGL Background Thread 1 ] DEBUG AssetLoader          - Loading from cache: /assets/textures/grass.png@40.0x40.0
02:05:18.485 [FXGL Background Thread 1 ] DEBUG AssetLoader          - Loading from cache: /assets/textures/grass.png@40.0x40.0
02:05:18.485 [FXGL Background Thread 1 ] DEBUG AssetLoader          - Loading from cache: /assets/textures/grass.png@40.0x40.0
02:05:18.485 [FXGL Background Thread 1 ] DEBUG AssetLoader          - Loading from cache: /assets/textures/grass.png@40.0x40.0
02:05:18.486 [FXGL Background Thread 1 ] DEBUG AssetLoader          - Loading from cache: /assets/textures/grass.png@40.0x40.0
02:05:18.486 [FXGL Background Thread 1 ] DEBUG AssetLoader          - Loading from cache: /assets/textures/brick.png@40.0x40.0
02:05:18.487 [FXGL Background Thread 1 ] DEBUG AssetLoader          - Loading from cache: /assets/textures/grass.png@40.0x40.0
02:05:18.490 [FXGL Background Thread 1 ] DEBUG AssetLoader          - Loading from cache: /assets/textures/grass.png@40.0x40.0
02:05:18.491 [FXGL Background Thread 1 ] DEBUG AssetLoader          - Loading from cache: /assets/textures/grass.png@40.0x40.0
02:05:18.491 [FXGL Background Thread 1 ] DEBUG AssetLoader          - Loading from cache: /assets/textures/brick.png@40.0x40.0
02:05:18.492 [FXGL Background Thread 1 ] DEBUG AssetLoader          - Loading from cache: /assets/textures/grass.png@40.0x40.0
02:05:18.492 [FXGL Background Thread 1 ] DEBUG AssetLoader          - Loading from cache: /assets/textures/grass.png@40.0x40.0
02:05:18.493 [FXGL Background Thread 1 ] DEBUG AssetLoader          - Loading from cache: /assets/textures/grass.png@40.0x40.0
02:05:18.493 [FXGL Background Thread 1 ] DEBUG AssetLoader          - Loading from cache: /assets/textures/grass.png@40.0x40.0
02:05:18.493 [FXGL Background Thread 1 ] DEBUG AssetLoader          - Loading from cache: /assets/textures/grass.png@40.0x40.0
02:05:18.494 [FXGL Background Thread 1 ] DEBUG AssetLoader          - Loading from cache: /assets/textures/grass.png@40.0x40.0
02:05:18.494 [FXGL Background Thread 1 ] DEBUG AssetLoader          - Loading from cache: /assets/textures/grass.png@40.0x40.0
02:05:18.495 [FXGL Background Thread 1 ] DEBUG AssetLoader          - Loading from cache: /assets/textures/rock.png@40.0x40.0
02:05:18.495 [FXGL Background Thread 1 ] DEBUG AssetLoader          - Loading from cache: /assets/textures/rock.png@40.0x40.0
02:05:18.496 [FXGL Background Thread 1 ] DEBUG AssetLoader          - Loading from cache: /assets/textures/grass.png@40.0x40.0
02:05:18.496 [FXGL Background Thread 1 ] DEBUG AssetLoader          - Loading from cache: /assets/textures/rock.png@40.0x40.0
02:05:18.496 [FXGL Background Thread 1 ] DEBUG AssetLoader          - Loading from cache: /assets/textures/brick.png@40.0x40.0
02:05:18.497 [FXGL Background Thread 1 ] DEBUG AssetLoader          - Loading from cache: /assets/textures/rock.png@40.0x40.0
02:05:18.497 [FXGL Background Thread 1 ] DEBUG AssetLoader          - Loading from cache: /assets/textures/grass.png@40.0x40.0
02:05:18.499 [FXGL Background Thread 1 ] DEBUG AssetLoader          - Loading from cache: /assets/textures/rock.png@40.0x40.0
02:05:18.499 [FXGL Background Thread 1 ] DEBUG AssetLoader          - Loading from cache: /assets/textures/brick.png@40.0x40.0
02:05:18.500 [FXGL Background Thread 1 ] DEBUG AssetLoader          - Loading from cache: /assets/textures/rock.png@40.0x40.0
02:05:18.500 [FXGL Background Thread 1 ] DEBUG AssetLoader          - Loading from cache: /assets/textures/grass.png@40.0x40.0
02:05:18.501 [FXGL Background Thread 1 ] DEBUG AssetLoader          - Loading from cache: /assets/textures/rock.png@40.0x40.0
02:05:18.501 [FXGL Background Thread 1 ] DEBUG AssetLoader          - Loading from cache: /assets/textures/grass.png@40.0x40.0
02:05:18.501 [FXGL Background Thread 1 ] DEBUG AssetLoader          - Loading from cache: /assets/textures/rock.png@40.0x40.0
02:05:18.501 [FXGL Background Thread 1 ] DEBUG AssetLoader          - Loading from cache: /assets/textures/grass.png@40.0x40.0
02:05:18.502 [FXGL Background Thread 1 ] DEBUG AssetLoader          - Loading from cache: /assets/textures/rock.png@40.0x40.0
02:05:18.502 [FXGL Background Thread 1 ] DEBUG AssetLoader          - Loading from cache: /assets/textures/grass.png@40.0x40.0
02:05:18.502 [FXGL Background Thread 1 ] DEBUG AssetLoader          - Loading from cache: /assets/textures/rock.png@40.0x40.0
02:05:18.502 [FXGL Background Thread 1 ] DEBUG AssetLoader          - Loading from cache: /assets/textures/brick.png@40.0x40.0
02:05:18.503 [FXGL Background Thread 1 ] DEBUG AssetLoader          - Loading from cache: /assets/textures/rock.png@40.0x40.0
02:05:18.503 [FXGL Background Thread 1 ] DEBUG AssetLoader          - Loading from cache: /assets/textures/grass.png@40.0x40.0
02:05:18.503 [FXGL Background Thread 1 ] DEBUG AssetLoader          - Loading from cache: /assets/textures/rock.png@40.0x40.0
02:05:18.504 [FXGL Background Thread 1 ] DEBUG AssetLoader          - Loading from cache: /assets/textures/grass.png@40.0x40.0
02:05:18.504 [FXGL Background Thread 1 ] DEBUG AssetLoader          - Loading from cache: /assets/textures/rock.png@40.0x40.0
02:05:18.504 [FXGL Background Thread 1 ] DEBUG AssetLoader          - Loading from cache: /assets/textures/grass.png@40.0x40.0
02:05:18.504 [FXGL Background Thread 1 ] DEBUG AssetLoader          - Loading from cache: /assets/textures/rock.png@40.0x40.0
02:05:18.505 [FXGL Background Thread 1 ] DEBUG AssetLoader          - Loading from cache: /assets/textures/grass.png@40.0x40.0
02:05:18.505 [FXGL Background Thread 1 ] DEBUG AssetLoader          - Loading from cache: /assets/textures/rock.png@40.0x40.0
02:05:18.505 [FXGL Background Thread 1 ] DEBUG AssetLoader          - Loading from cache: /assets/textures/brick.png@40.0x40.0
02:05:18.506 [FXGL Background Thread 1 ] DEBUG AssetLoader          - Loading from cache: /assets/textures/rock.png@40.0x40.0
02:05:18.506 [FXGL Background Thread 1 ] DEBUG AssetLoader          - Loading from cache: /assets/textures/grass.png@40.0x40.0
02:05:18.507 [FXGL Background Thread 1 ] DEBUG AssetLoader          - Loading from cache: /assets/textures/rock.png@40.0x40.0
02:05:18.507 [FXGL Background Thread 1 ] DEBUG AssetLoader          - Loading from cache: /assets/textures/rock.png@40.0x40.0
02:05:18.507 [FXGL Background Thread 1 ] DEBUG AssetLoader          - Loading from cache: /assets/textures/grass.png@40.0x40.0
02:05:18.508 [FXGL Background Thread 1 ] DEBUG AssetLoader          - Loading from cache: /assets/textures/enemy.png@40.0x40.0
02:05:18.508 [FXGL Background Thread 1 ] DEBUG AssetLoader          - Loading from cache: /assets/textures/grass.png@40.0x40.0
02:05:18.508 [FXGL Background Thread 1 ] DEBUG AssetLoader          - Loading from cache: /assets/textures/brick.png@40.0x40.0
02:05:18.509 [FXGL Background Thread 1 ] DEBUG AssetLoader          - Loading from cache: /assets/textures/grass.png@40.0x40.0
02:05:18.509 [FXGL Background Thread 1 ] DEBUG AssetLoader          - Loading from cache: /assets/textures/brick.png@40.0x40.0
02:05:18.509 [FXGL Background Thread 1 ] DEBUG AssetLoader          - Loading from cache: /assets/textures/grass.png@40.0x40.0
02:05:18.510 [FXGL Background Thread 1 ] DEBUG AssetLoader          - Loading from cache: /assets/textures/rock.png@40.0x40.0
02:05:18.510 [FXGL Background Thread 1 ] DEBUG AssetLoader          - Loading from cache: /assets/textures/grass.png@40.0x40.0
02:05:18.510 [FXGL Background Thread 1 ] DEBUG AssetLoader          - Loading from cache: /assets/textures/grass.png@40.0x40.0
02:05:18.511 [FXGL Background Thread 1 ] DEBUG AssetLoader          - Loading from cache: /assets/textures/grass.png@40.0x40.0
02:05:18.511 [FXGL Background Thread 1 ] DEBUG AssetLoader          - Loading from cache: /assets/textures/brick.png@40.0x40.0
02:05:18.511 [FXGL Background Thread 1 ] DEBUG AssetLoader          - Loading from cache: /assets/textures/grass.png@40.0x40.0
02:05:18.511 [FXGL Background Thread 1 ] DEBUG AssetLoader          - Loading from cache: /assets/textures/grass.png@40.0x40.0
02:05:18.511 [FXGL Background Thread 1 ] DEBUG AssetLoader          - Loading from cache: /assets/textures/grass.png@40.0x40.0
02:05:18.512 [FXGL Background Thread 1 ] DEBUG AssetLoader          - Loading from cache: /assets/textures/brick.png@40.0x40.0
02:05:18.512 [FXGL Background Thread 1 ] DEBUG AssetLoader          - Loading from cache: /assets/textures/grass.png@40.0x40.0
02:05:18.513 [FXGL Background Thread 1 ] DEBUG AssetLoader          - Loading from cache: /assets/textures/grass.png@40.0x40.0
02:05:18.513 [FXGL Background Thread 1 ] DEBUG AssetLoader          - Loading from cache: /assets/textures/brick.png@40.0x40.0
02:05:18.513 [FXGL Background Thread 1 ] DEBUG AssetLoader          - Loading from cache: /assets/textures/grass.png@40.0x40.0
02:05:18.514 [FXGL Background Thread 1 ] DEBUG AssetLoader          - Loading from cache: /assets/textures/grass.png@40.0x40.0
02:05:18.514 [FXGL Background Thread 1 ] DEBUG AssetLoader          - Loading from cache: /assets/textures/brick.png@40.0x40.0
02:05:18.514 [FXGL Background Thread 1 ] DEBUG AssetLoader          - Loading from cache: /assets/textures/grass.png@40.0x40.0
02:05:18.515 [FXGL Background Thread 1 ] DEBUG AssetLoader          - Loading from cache: /assets/textures/brick.png@40.0x40.0
02:05:18.515 [FXGL Background Thread 1 ] DEBUG AssetLoader          - Loading from cache: /assets/textures/grass.png@40.0x40.0
02:05:18.515 [FXGL Background Thread 1 ] DEBUG AssetLoader          - Loading from cache: /assets/textures/grass.png@40.0x40.0
02:05:18.516 [FXGL Background Thread 1 ] DEBUG AssetLoader          - Loading from cache: /assets/textures/grass.png@40.0x40.0
02:05:18.516 [FXGL Background Thread 1 ] DEBUG AssetLoader          - Loading from cache: /assets/textures/enemy.png@40.0x40.0
02:05:18.517 [FXGL Background Thread 1 ] DEBUG AssetLoader          - Loading from cache: /assets/textures/grass.png@40.0x40.0
02:05:18.517 [FXGL Background Thread 1 ] DEBUG AssetLoader          - Loading from cache: /assets/textures/rock.png@40.0x40.0
02:05:18.518 [FXGL Background Thread 1 ] DEBUG AssetLoader          - Loading from cache: /assets/textures/rock.png@40.0x40.0
02:05:18.519 [FXGL Background Thread 1 ] DEBUG AssetLoader          - Loading from cache: /assets/textures/rock.png@40.0x40.0
02:05:18.520 [FXGL Background Thread 1 ] DEBUG AssetLoader          - Loading from cache: /assets/textures/rock.png@40.0x40.0
02:05:18.520 [FXGL Background Thread 1 ] DEBUG AssetLoader          - Loading from cache: /assets/textures/rock.png@40.0x40.0
02:05:18.521 [FXGL Background Thread 1 ] DEBUG AssetLoader          - Loading from cache: /assets/textures/rock.png@40.0x40.0
02:05:18.521 [FXGL Background Thread 1 ] DEBUG AssetLoader          - Loading from cache: /assets/textures/rock.png@40.0x40.0
02:05:18.521 [FXGL Background Thread 1 ] DEBUG AssetLoader          - Loading from cache: /assets/textures/rock.png@40.0x40.0
02:05:18.522 [FXGL Background Thread 1 ] DEBUG AssetLoader          - Loading from cache: /assets/textures/rock.png@40.0x40.0
02:05:18.522 [FXGL Background Thread 1 ] DEBUG AssetLoader          - Loading from cache: /assets/textures/rock.png@40.0x40.0
02:05:18.522 [FXGL Background Thread 1 ] DEBUG AssetLoader          - Loading from cache: /assets/textures/rock.png@40.0x40.0
02:05:18.523 [FXGL Background Thread 1 ] DEBUG AssetLoader          - Loading from cache: /assets/textures/rock.png@40.0x40.0
02:05:18.523 [FXGL Background Thread 1 ] DEBUG AssetLoader          - Loading from cache: /assets/textures/rock.png@40.0x40.0
02:05:18.524 [FXGL Background Thread 1 ] DEBUG AssetLoader          - Loading from cache: /assets/textures/rock.png@40.0x40.0
02:05:18.524 [FXGL Background Thread 1 ] DEBUG AssetLoader          - Loading from cache: /assets/textures/rock.png@40.0x40.0
02:05:18.525 [FXGL Background Thread 1 ] DEBUG AssetLoader          - Loading from cache: /assets/textures/rock.png@40.0x40.0
02:05:18.525 [FXGL Background Thread 1 ] DEBUG AssetLoader          - Loading from cache: /assets/textures/rock.png@40.0x40.0
02:05:18.525 [FXGL Background Thread 1 ] DEBUG AssetLoader          - Loading from cache: /assets/textures/rock.png@40.0x40.0
02:05:18.525 [FXGL Background Thread 1 ] DEBUG AssetLoader          - Loading from cache: /assets/textures/rock.png@40.0x40.0
02:05:18.526 [FXGL Background Thread 1 ] DEBUG AssetLoader          - Loading from cache: /assets/textures/rock.png@40.0x40.0
02:05:18.526 [FXGL Background Thread 1 ] DEBUG AssetLoader          - Loading from cache: /assets/textures/rock.png@40.0x40.0
02:05:18.526 [FXGL Background Thread 1 ] DEBUG AssetLoader          - Loading from cache: /assets/textures/rock.png@40.0x40.0
02:05:18.526 [FXGL Background Thread 1 ] DEBUG AssetLoader          - Loading from cache: /assets/textures/rock.png@40.0x40.0
02:05:18.526 [FXGL Background Thread 1 ] DEBUG AssetLoader          - Loading from cache: /assets/textures/rock.png@40.0x40.0
02:05:18.527 [FXGL Background Thread 1 ] DEBUG AssetLoader          - Loading from cache: /assets/textures/rock.png@40.0x40.0
02:05:18.527 [FXGL Background Thread 1 ] DEBUG AssetLoader          - Loading from cache: /assets/textures/rock.png@40.0x40.0
02:05:18.527 [FXGL Background Thread 1 ] DEBUG AssetLoader          - Loading from cache: /assets/textures/rock.png@40.0x40.0
02:05:18.527 [FXGL Background Thread 1 ] DEBUG AssetLoader          - Loading from cache: /assets/textures/rock.png@40.0x40.0
02:05:18.527 [FXGL Background Thread 1 ] DEBUG AssetLoader          - Loading from cache: /assets/textures/rock.png@40.0x40.0
02:05:18.528 [FXGL Background Thread 1 ] DEBUG AssetLoader          - Loading from cache: /assets/textures/rock.png@40.0x40.0
02:05:18.528 [FXGL Background Thread 1 ] DEBUG AssetLoader          - Loading from cache: /assets/textures/rock.png@40.0x40.0
02:05:18.528 [FXGL Background Thread 1 ] DEBUG AssetLoader          - Loading from cache: /assets/textures/rock.png@40.0x40.0
02:05:18.529 [FXGL Background Thread 1 ] DEBUG GameWorld            - Clearing removable entities
02:05:18.529 [FXGL Background Thread 1 ] DEBUG GameWorld            - Setting level: com.almasb.fxgl.entity.Level@2a17929
02:05:18.530 [FXGL Background Thread 1 ] DEBUG GameScene            - Creating render group for layer: DEFAULT(100000)
02:05:18.532 [FXGL Background Thread 1 ] DEBUG GameScene            - Creating render group for layer: TOP(2147483647)
02:05:18.545 [FXGL Background Thread 1 ] DEBUG AssetLoader          - Loading from disk: /assets/textures/grass.png
02:05:18.547 [FXGL Background Thread 1 ] DEBUG GameScene            - Creating render group for layer: BACKGROUND(1000)
02:05:18.551 [FXGL Background Thread 1 ] DEBUG AssetLoader          - Loading from disk: /assets/textures/bomber_right.png
02:05:18.556 [FXGL Background Thread 1 ] DEBUG AssetLoader          - Loading from disk: /assets/textures/bomber_back.png
02:05:18.560 [FXGL Background Thread 1 ] DEBUG AssetLoader          - Loading from disk: /assets/textures/bomber_front.png
02:05:18.561 [FXGL Background Thread 1 ] DEBUG AssetLoader          - Loading from cache: /assets/textures/bomber_right.png
02:05:18.561 [FXGL Background Thread 1 ] DEBUG AssetLoader          - Loading from cache: /assets/textures/bomber_back.png
02:05:18.561 [FXGL Background Thread 1 ] DEBUG AssetLoader          - Loading from cache: /assets/textures/bomber_front.png
02:05:18.563 [FXGL Background Thread 1 ] DEBUG InitAppTask          - Initializing Physics
02:05:18.564 [FXGL Background Thread 1 ] DEBUG InitAppTask          - Initializing UI
02:05:18.564 [FXGL Background Thread 1 ] DEBUG InitAppTask          - Initialization Complete
02:05:18.564 [FXGL Background Thread 1 ] INFO  InitAppTask          - Game initialization took: 0.399 sec
02:05:18.567 [JavaFX Application Thread] DEBUG Input                - Clearing active input actions
02:05:18.640 [JavaFX Application Thread] DEBUG AppStateMachine      - LoadingState -> PlayState
02:05:40.804 [JavaFX Application Thread] DEBUG GameApplication      - Exiting game application
02:05:40.805 [JavaFX Application Thread] DEBUG GameApplication      - Shutting down background threads
02:05:40.806 [JavaFX Application Thread] DEBUG GameApplication      - Exiting FXGL
02:05:40.806 [JavaFX Application Thread] DEBUG FXGL                 - Saving FXGL system data
02:05:40.809 [JavaFX Application Thread] DEBUG DesktopFSService     - Writing to: system\fxgl.bundle
02:05:40.814 [JavaFX Application Thread] DEBUG GameApplication      - Closing logger and exiting JavaFX
